2019-04-28 18:30:42,691 INFO 24806 [egg-sequelize](1ms) Executed (default): SELECT 1+1 AS result
2019-04-28 19:20:15,856 INFO 24806 [egg-sequelize](2ms) Executed (default): SELECT `id`, `name`, `age`, `created_at`, `updated_at`, `open_id`, `token` FROM `users` AS `user` LIMIT 1;
2019-04-28 19:20:15,866 INFO 24806 [egg-sequelize](2ms) Executed (default): SELECT count(*) AS `count` FROM `lists` AS `list` WHERE `list`.`open_id` = 'otiAB5d9Fn3m_5abJ20EIU2FWat8';
2019-04-28 19:20:15,871 INFO 24806 [egg-sequelize](3ms) Executed (default): SELECT `id`, `open_id`, `title`, `content`, `updated_at`, `created_at`, `done` FROM `lists` AS `list` WHERE `list`.`open_id` = 'otiAB5d9Fn3m_5abJ20EIU2FWat8';
2019-04-28 19:20:17,652 INFO 24806 [egg-sequelize](1ms) Executed (default): SELECT `id`, `name`, `age`, `created_at`, `updated_at`, `open_id`, `token` FROM `users` AS `user` LIMIT 1;
2019-04-28 19:20:17,680 INFO 24806 [egg-sequelize](15ms) Executed (default): UPDATE `users` SET `token`='eyJhbGciOiJIUzI1NiIsInR5cCI6IkpXVCJ9.eyJuaWNrTmFtZSI6IjXmmJ_mgZIiLCJnZW5kZXIiOjEsImxhbmd1YWdlIjoiemhfQ04iLCJjaXR5IjoiU2hlbnpoZW4iLCJwcm92aW5jZSI6Ikd1YW5nZG9uZyIsImNvdW50cnkiOiJDaGluYSIsImlhdCI6MTU1NjQ1MDQxNywiZXhwIjoxNTU2NDU3NjE3fQ.rE32P8-hYzyz1vpF5gt2t7dMAM3wBeaRLLiEPUXMjJo',`updated_at`='2019-04-28 11:20:17' WHERE `id` = 1
2019-04-28 19:20:21,324 INFO 24806 [egg-sequelize](0ms) Executed (default): SELECT `id`, `name`, `age`, `created_at`, `updated_at`, `open_id`, `token` FROM `users` AS `user` LIMIT 1;
2019-04-28 19:20:21,329 INFO 24806 [egg-sequelize](2ms) Executed (default): SELECT count(*) AS `count` FROM `lists` AS `list` WHERE `list`.`open_id` = 'otiAB5d9Fn3m_5abJ20EIU2FWat8';
2019-04-28 19:20:21,329 INFO 24806 [egg-sequelize](1ms) Executed (default): SELECT `id`, `open_id`, `title`, `content`, `updated_at`, `created_at`, `done` FROM `lists` AS `list` WHERE `list`.`open_id` = 'otiAB5d9Fn3m_5abJ20EIU2FWat8';
2019-04-28 19:20:21,911 INFO 24806 [egg-sequelize](1ms) Executed (default): SELECT `id`, `name`, `age`, `created_at`, `updated_at`, `open_id`, `token` FROM `users` AS `user` LIMIT 1;
2019-04-28 19:20:21,917 INFO 24806 [egg-sequelize](2ms) Executed (default): UPDATE `users` SET `token`='eyJhbGciOiJIUzI1NiIsInR5cCI6IkpXVCJ9.eyJuaWNrTmFtZSI6IjXmmJ_mgZIiLCJnZW5kZXIiOjEsImxhbmd1YWdlIjoiemhfQ04iLCJjaXR5IjoiU2hlbnpoZW4iLCJwcm92aW5jZSI6Ikd1YW5nZG9uZyIsImNvdW50cnkiOiJDaGluYSIsImlhdCI6MTU1NjQ1MDQyMSwiZXhwIjoxNTU2NDU3NjIxfQ.QPqENyR4Od3XQo7kGUCMNkksdX1kjml7EIzCAV9Gugk',`updated_at`='2019-04-28 11:20:21' WHERE `id` = 1
2019-04-28 19:20:44,934 INFO 24806 [egg-sequelize](1ms) Executed (default): SELECT `id`, `name`, `age`, `created_at`, `updated_at`, `open_id`, `token` FROM `users` AS `user` LIMIT 1;
2019-04-28 19:20:44,941 INFO 24806 [egg-sequelize](3ms) Executed (default): INSERT INTO `lists` (`id`,`open_id`,`title`,`content`,`updated_at`,`created_at`,`done`) VALUES (114,'otiAB5d9Fn3m_5abJ20EIU2FWat8','333111',NULL,'2019-04-23 14:27:22','2019-04-23 14:27:22',false) ON DUPLICATE KEY UPDATE `title`=VALUES(`title`),`updated_at`=VALUES(`updated_at`),`done`=VALUES(`done`);
2019-04-28 19:20:44,970 INFO 24806 [egg-sequelize](0ms) Executed (default): SELECT `id`, `name`, `age`, `created_at`, `updated_at`, `open_id`, `token` FROM `users` AS `user` LIMIT 1;
2019-04-28 19:20:44,973 INFO 24806 [egg-sequelize](1ms) Executed (default): SELECT count(*) AS `count` FROM `lists` AS `list` WHERE `list`.`open_id` = 'otiAB5d9Fn3m_5abJ20EIU2FWat8';
2019-04-28 19:20:44,974 INFO 24806 [egg-sequelize](1ms) Executed (default): SELECT `id`, `open_id`, `title`, `content`, `updated_at`, `created_at`, `done` FROM `lists` AS `list` WHERE `list`.`open_id` = 'otiAB5d9Fn3m_5abJ20EIU2FWat8';
2019-04-28 19:24:55,236 INFO 24806 [egg-sequelize](0ms) Executed (default): SELECT `id`, `name`, `age`, `created_at`, `updated_at`, `open_id`, `token` FROM `users` AS `user` LIMIT 1;
2019-04-28 19:24:55,239 INFO 24806 [egg-sequelize](1ms) Executed (default): INSERT INTO `lists` (`id`,`open_id`,`title`,`content`,`updated_at`,`created_at`,`done`) VALUES (96,'otiAB5d9Fn3m_5abJ20EIU2FWat8','cccc11112222',NULL,'2019-04-21 10:34:48','2019-04-21 10:34:48',true) ON DUPLICATE KEY UPDATE `title`=VALUES(`title`),`updated_at`=VALUES(`updated_at`),`done`=VALUES(`done`);
2019-04-28 19:24:55,274 INFO 24806 [egg-sequelize](0ms) Executed (default): SELECT `id`, `name`, `age`, `created_at`, `updated_at`, `open_id`, `token` FROM `users` AS `user` LIMIT 1;
2019-04-28 19:24:55,279 INFO 24806 [egg-sequelize](2ms) Executed (default): SELECT count(*) AS `count` FROM `lists` AS `list` WHERE `list`.`open_id` = 'otiAB5d9Fn3m_5abJ20EIU2FWat8';
2019-04-28 19:24:55,280 INFO 24806 [egg-sequelize](1ms) Executed (default): SELECT `id`, `open_id`, `title`, `content`, `updated_at`, `created_at`, `done` FROM `lists` AS `list` WHERE `list`.`open_id` = 'otiAB5d9Fn3m_5abJ20EIU2FWat8';
2019-04-28 19:25:09,997 INFO 24806 [egg-sequelize](1ms) Executed (default): SELECT `id`, `name`, `age`, `created_at`, `updated_at`, `open_id`, `token` FROM `users` AS `user` LIMIT 1;
2019-04-28 19:25:10,000 INFO 24806 [egg-sequelize](1ms) Executed (default): INSERT INTO `lists` (`id`,`open_id`,`title`,`updated_at`,`created_at`,`done`) VALUES (NULL,'otiAB5d9Fn3m_5abJ20EIU2FWat8','had可视化','2019-04-28 11:25:09','2019-04-28 11:25:09',false) ON DUPLICATE KEY UPDATE `title`=VALUES(`title`),`updated_at`=VALUES(`updated_at`),`done`=VALUES(`done`);
2019-04-28 19:25:10,034 INFO 24806 [egg-sequelize](1ms) Executed (default): SELECT `id`, `name`, `age`, `created_at`, `updated_at`, `open_id`, `token` FROM `users` AS `user` LIMIT 1;
2019-04-28 19:25:10,037 INFO 24806 [egg-sequelize](1ms) Executed (default): SELECT count(*) AS `count` FROM `lists` AS `list` WHERE `list`.`open_id` = 'otiAB5d9Fn3m_5abJ20EIU2FWat8';
2019-04-28 19:25:10,038 INFO 24806 [egg-sequelize](1ms) Executed (default): SELECT `id`, `open_id`, `title`, `content`, `updated_at`, `created_at`, `done` FROM `lists` AS `list` WHERE `list`.`open_id` = 'otiAB5d9Fn3m_5abJ20EIU2FWat8';
2019-05-04 15:03:44,917 INFO 39671 [egg-sequelize](0ms) Executed (default): SELECT 1+1 AS result
2019-05-04 15:04:09,077 INFO 39671 [egg-sequelize](21ms) Executed (default): SELECT `id`, `name`, `age`, `created_at`, `updated_at`, `open_id`, `token` FROM `users` AS `user` LIMIT 1;
2019-05-04 15:04:09,092 INFO 39671 [egg-sequelize](5ms) Executed (default): SELECT count(*) AS `count` FROM `lists` AS `list` WHERE `list`.`open_id` = 'otiAB5d9Fn3m_5abJ20EIU2FWat8';
2019-05-04 15:04:09,096 INFO 39671 [egg-sequelize](3ms) Executed (default): SELECT `id`, `open_id`, `title`, `content`, `updated_at`, `created_at`, `done` FROM `lists` AS `list` WHERE `list`.`open_id` = 'otiAB5d9Fn3m_5abJ20EIU2FWat8';
2019-05-04 15:04:28,230 INFO 39671 [egg-sequelize](6ms) Executed (default): SELECT `id`, `name`, `age`, `created_at`, `updated_at`, `open_id`, `token` FROM `users` AS `user` LIMIT 1;
2019-05-04 15:04:28,235 INFO 39671 [egg-sequelize](2ms) Executed (default): SELECT count(*) AS `count` FROM `lists` AS `list` WHERE `list`.`open_id` = 'otiAB5d9Fn3m_5abJ20EIU2FWat8';
2019-05-04 15:04:28,236 INFO 39671 [egg-sequelize](1ms) Executed (default): SELECT `id`, `open_id`, `title`, `content`, `updated_at`, `created_at`, `done` FROM `lists` AS `list` WHERE `list`.`open_id` = 'otiAB5d9Fn3m_5abJ20EIU2FWat8';
2019-05-04 15:04:29,220 INFO 39671 [egg-sequelize](0ms) Executed (default): SELECT `id`, `name`, `age`, `created_at`, `updated_at`, `open_id`, `token` FROM `users` AS `user` LIMIT 1;
2019-05-04 15:04:29,246 INFO 39671 [egg-sequelize](15ms) Executed (default): UPDATE `users` SET `token`='eyJhbGciOiJIUzI1NiIsInR5cCI6IkpXVCJ9.eyJuaWNrTmFtZSI6IjXmmJ_mgZIiLCJnZW5kZXIiOjEsImxhbmd1YWdlIjoiemhfQ04iLCJjaXR5IjoiU2hlbnpoZW4iLCJwcm92aW5jZSI6Ikd1YW5nZG9uZyIsImNvdW50cnkiOiJDaGluYSIsImlhdCI6MTU1Njk1MzQ2OSwiZXhwIjoxNTU2OTYwNjY5fQ.3Ez14tA12xae7vf0H6_IuNf59ksLvlxhRunhTcm1Z2Y',`updated_at`='2019-05-04 07:04:29' WHERE `id` = 1
2019-05-04 15:05:17,475 INFO 39671 [egg-sequelize](2ms) Executed (default): SELECT `id`, `name`, `age`, `created_at`, `updated_at`, `open_id`, `token` FROM `users` AS `user` LIMIT 1;
2019-05-04 15:05:17,482 INFO 39671 [egg-sequelize](2ms) Executed (default): INSERT INTO `lists` (`id`,`open_id`,`title`,`content`,`updated_at`,`created_at`,`done`) VALUES (91,'otiAB5d9Fn3m_5abJ20EIU2FWat8','zzzz1112222dfgsdfg',NULL,'2019-04-21 10:33:20','2019-04-21 10:33:20',true),(96,'otiAB5d9Fn3m_5abJ20EIU2FWat8','cccc11112222',NULL,'2019-04-21 10:34:48','2019-04-21 10:34:48',true),(112,'otiAB5d9Fn3m_5abJ20EIU2FWat8','222233333',NULL,'2019-04-21 13:35:59','2019-04-21 13:35:59',true),(113,'otiAB5d9Fn3m_5abJ20EIU2FWat8','11111112222',NULL,'2019-04-21 13:38:13','2019-04-21 13:38:13',true),(114,'otiAB5d9Fn3m_5abJ20EIU2FWat8','333111',NULL,'2019-04-23 14:27:22','2019-04-23 14:27:22',true),(115,'otiAB5d9Fn3m_5abJ20EIU2FWat8','had可视化',NULL,'2019-04-28 11:25:09','2019-04-28 11:25:09',true) ON DUPLICATE KEY UPDATE `title`=VALUES(`title`),`updated_at`=VALUES(`updated_at`),`done`=VALUES(`done`);
2019-05-04 15:05:17,505 INFO 39671 [egg-sequelize](1ms) Executed (default): SELECT `id`, `name`, `age`, `created_at`, `updated_at`, `open_id`, `token` FROM `users` AS `user` LIMIT 1;
2019-05-04 15:05:17,508 INFO 39671 [egg-sequelize](1ms) Executed (default): SELECT count(*) AS `count` FROM `lists` AS `list` WHERE `list`.`open_id` = 'otiAB5d9Fn3m_5abJ20EIU2FWat8';
2019-05-04 15:05:17,509 INFO 39671 [egg-sequelize](1ms) Executed (default): SELECT `id`, `open_id`, `title`, `content`, `updated_at`, `created_at`, `done` FROM `lists` AS `list` WHERE `list`.`open_id` = 'otiAB5d9Fn3m_5abJ20EIU2FWat8';
2019-05-04 15:05:18,216 INFO 39671 [egg-sequelize](1ms) Executed (default): SELECT `id`, `name`, `age`, `created_at`, `updated_at`, `open_id`, `token` FROM `users` AS `user` LIMIT 1;
2019-05-04 15:05:18,219 INFO 39671 [egg-sequelize](0ms) Executed (default): INSERT INTO `lists` (`id`,`open_id`,`title`,`content`,`updated_at`,`created_at`,`done`) VALUES (91,'otiAB5d9Fn3m_5abJ20EIU2FWat8','zzzz1112222dfgsdfg',NULL,'2019-04-21 10:33:20','2019-04-21 10:33:20',true),(96,'otiAB5d9Fn3m_5abJ20EIU2FWat8','cccc11112222',NULL,'2019-04-21 10:34:48','2019-04-21 10:34:48',true),(112,'otiAB5d9Fn3m_5abJ20EIU2FWat8','222233333',NULL,'2019-04-21 13:35:59','2019-04-21 13:35:59',true),(113,'otiAB5d9Fn3m_5abJ20EIU2FWat8','11111112222',NULL,'2019-04-21 13:38:13','2019-04-21 13:38:13',true),(114,'otiAB5d9Fn3m_5abJ20EIU2FWat8','333111',NULL,'2019-04-23 14:27:22','2019-04-23 14:27:22',true),(115,'otiAB5d9Fn3m_5abJ20EIU2FWat8','had可视化',NULL,'2019-04-28 11:25:09','2019-04-28 11:25:09',true) ON DUPLICATE KEY UPDATE `title`=VALUES(`title`),`updated_at`=VALUES(`updated_at`),`done`=VALUES(`done`);
2019-05-04 15:05:18,241 INFO 39671 [egg-sequelize](0ms) Executed (default): SELECT `id`, `name`, `age`, `created_at`, `updated_at`, `open_id`, `token` FROM `users` AS `user` LIMIT 1;
2019-05-04 15:05:18,245 INFO 39671 [egg-sequelize](2ms) Executed (default): SELECT count(*) AS `count` FROM `lists` AS `list` WHERE `list`.`open_id` = 'otiAB5d9Fn3m_5abJ20EIU2FWat8';
2019-05-04 15:05:18,245 INFO 39671 [egg-sequelize](1ms) Executed (default): SELECT `id`, `open_id`, `title`, `content`, `updated_at`, `created_at`, `done` FROM `lists` AS `list` WHERE `list`.`open_id` = 'otiAB5d9Fn3m_5abJ20EIU2FWat8';
2019-05-04 15:05:18,864 INFO 39671 [egg-sequelize](1ms) Executed (default): SELECT `id`, `name`, `age`, `created_at`, `updated_at`, `open_id`, `token` FROM `users` AS `user` LIMIT 1;
2019-05-04 15:05:18,867 INFO 39671 [egg-sequelize](1ms) Executed (default): INSERT INTO `lists` (`id`,`open_id`,`title`,`content`,`updated_at`,`created_at`,`done`) VALUES (91,'otiAB5d9Fn3m_5abJ20EIU2FWat8','zzzz1112222dfgsdfg',NULL,'2019-04-21 10:33:20','2019-04-21 10:33:20',true),(96,'otiAB5d9Fn3m_5abJ20EIU2FWat8','cccc11112222',NULL,'2019-04-21 10:34:48','2019-04-21 10:34:48',true),(112,'otiAB5d9Fn3m_5abJ20EIU2FWat8','222233333',NULL,'2019-04-21 13:35:59','2019-04-21 13:35:59',true),(113,'otiAB5d9Fn3m_5abJ20EIU2FWat8','11111112222',NULL,'2019-04-21 13:38:13','2019-04-21 13:38:13',true),(114,'otiAB5d9Fn3m_5abJ20EIU2FWat8','333111',NULL,'2019-04-23 14:27:22','2019-04-23 14:27:22',true),(115,'otiAB5d9Fn3m_5abJ20EIU2FWat8','had可视化',NULL,'2019-04-28 11:25:09','2019-04-28 11:25:09',true) ON DUPLICATE KEY UPDATE `title`=VALUES(`title`),`updated_at`=VALUES(`updated_at`),`done`=VALUES(`done`);
2019-05-04 15:05:18,889 INFO 39671 [egg-sequelize](0ms) Executed (default): SELECT `id`, `name`, `age`, `created_at`, `updated_at`, `open_id`, `token` FROM `users` AS `user` LIMIT 1;
2019-05-04 15:05:18,892 INFO 39671 [egg-sequelize](1ms) Executed (default): SELECT count(*) AS `count` FROM `lists` AS `list` WHERE `list`.`open_id` = 'otiAB5d9Fn3m_5abJ20EIU2FWat8';
2019-05-04 15:05:18,893 INFO 39671 [egg-sequelize](1ms) Executed (default): SELECT `id`, `open_id`, `title`, `content`, `updated_at`, `created_at`, `done` FROM `lists` AS `list` WHERE `list`.`open_id` = 'otiAB5d9Fn3m_5abJ20EIU2FWat8';
2019-05-04 15:06:20,980 INFO 39671 [egg-sequelize](1ms) Executed (default): SELECT `id`, `name`, `age`, `created_at`, `updated_at`, `open_id`, `token` FROM `users` AS `user` LIMIT 1;
2019-05-04 15:06:20,983 INFO 39671 [egg-sequelize](1ms) Executed (default): SELECT count(*) AS `count` FROM `lists` AS `list` WHERE `list`.`open_id` = 'otiAB5d9Fn3m_5abJ20EIU2FWat8';
2019-05-04 15:06:20,985 INFO 39671 [egg-sequelize](1ms) Executed (default): SELECT `id`, `open_id`, `title`, `content`, `updated_at`, `created_at`, `done` FROM `lists` AS `list` WHERE `list`.`open_id` = 'otiAB5d9Fn3m_5abJ20EIU2FWat8';
2019-05-04 15:15:42,114 INFO 39671 [egg-sequelize](0ms) Executed (default): SELECT `id`, `name`, `age`, `created_at`, `updated_at`, `open_id`, `token` FROM `users` AS `user` LIMIT 1;
2019-05-04 15:15:42,119 INFO 39671 [egg-sequelize](2ms) Executed (default): UPDATE `users` SET `token`='eyJhbGciOiJIUzI1NiIsInR5cCI6IkpXVCJ9.eyJuaWNrTmFtZSI6IjXmmJ_mgZIiLCJnZW5kZXIiOjEsImxhbmd1YWdlIjoiemhfQ04iLCJjaXR5IjoiU2hlbnpoZW4iLCJwcm92aW5jZSI6Ikd1YW5nZG9uZyIsImNvdW50cnkiOiJDaGluYSIsImlhdCI6MTU1Njk1NDE0MiwiZXhwIjoxNTU2OTYxMzQyfQ.JtE_rstr86GPGu0PIQDAz-FZ5740HLRaxDN8ytZKhek',`updated_at`='2019-05-04 07:15:42' WHERE `id` = 1
2019-05-04 15:18:18,520 INFO 39671 [egg-sequelize](1ms) Executed (default): SELECT `id`, `name`, `age`, `created_at`, `updated_at`, `open_id`, `token` FROM `users` AS `user` LIMIT 1;
2019-05-04 15:18:18,523 INFO 39671 [egg-sequelize](1ms) Executed (default): SELECT count(*) AS `count` FROM `lists` AS `list` WHERE `list`.`open_id` = 'otiAB5d9Fn3m_5abJ20EIU2FWat8';
2019-05-04 15:18:18,525 INFO 39671 [egg-sequelize](1ms) Executed (default): SELECT `id`, `open_id`, `title`, `content`, `updated_at`, `created_at`, `done` FROM `lists` AS `list` WHERE `list`.`open_id` = 'otiAB5d9Fn3m_5abJ20EIU2FWat8';
2019-05-04 15:18:35,335 INFO 39671 [egg-sequelize](0ms) Executed (default): SELECT `id`, `name`, `age`, `created_at`, `updated_at`, `open_id`, `token` FROM `users` AS `user` LIMIT 1;
2019-05-04 15:18:35,340 INFO 39671 [egg-sequelize](0ms) Executed (default): INSERT INTO `lists` (`id`,`open_id`,`title`,`content`,`updated_at`,`created_at`,`done`) VALUES (91,'otiAB5d9Fn3m_5abJ20EIU2FWat8','zzzz1112222dfgsdfg',NULL,'2019-04-21 10:33:20','2019-04-21 10:33:20',true),(96,'otiAB5d9Fn3m_5abJ20EIU2FWat8','cccc11112222',NULL,'2019-04-21 10:34:48','2019-04-21 10:34:48',true),(112,'otiAB5d9Fn3m_5abJ20EIU2FWat8','222233333',NULL,'2019-04-21 13:35:59','2019-04-21 13:35:59',true),(113,'otiAB5d9Fn3m_5abJ20EIU2FWat8','11111112222',NULL,'2019-04-21 13:38:13','2019-04-21 13:38:13',true),(114,'otiAB5d9Fn3m_5abJ20EIU2FWat8','333111',NULL,'2019-04-23 14:27:22','2019-04-23 14:27:22',true),(115,'otiAB5d9Fn3m_5abJ20EIU2FWat8','had可视化',NULL,'2019-04-28 11:25:09','2019-04-28 11:25:09',true) ON DUPLICATE KEY UPDATE `title`=VALUES(`title`),`updated_at`=VALUES(`updated_at`),`done`=VALUES(`done`);
2019-05-04 15:18:35,362 INFO 39671 [egg-sequelize](1ms) Executed (default): SELECT `id`, `name`, `age`, `created_at`, `updated_at`, `open_id`, `token` FROM `users` AS `user` LIMIT 1;
2019-05-04 15:18:35,366 INFO 39671 [egg-sequelize](1ms) Executed (default): SELECT count(*) AS `count` FROM `lists` AS `list` WHERE `list`.`open_id` = 'otiAB5d9Fn3m_5abJ20EIU2FWat8';
2019-05-04 15:18:35,368 INFO 39671 [egg-sequelize](1ms) Executed (default): SELECT `id`, `open_id`, `title`, `content`, `updated_at`, `created_at`, `done` FROM `lists` AS `list` WHERE `list`.`open_id` = 'otiAB5d9Fn3m_5abJ20EIU2FWat8';
2019-05-04 15:18:36,911 INFO 39671 [egg-sequelize](0ms) Executed (default): SELECT `id`, `name`, `age`, `created_at`, `updated_at`, `open_id`, `token` FROM `users` AS `user` LIMIT 1;
2019-05-04 15:18:36,915 INFO 39671 [egg-sequelize](0ms) Executed (default): INSERT INTO `lists` (`id`,`open_id`,`title`,`content`,`updated_at`,`created_at`,`done`) VALUES (91,'otiAB5d9Fn3m_5abJ20EIU2FWat8','zzzz1112222dfgsdfg',NULL,'2019-04-21 10:33:20','2019-04-21 10:33:20',true),(96,'otiAB5d9Fn3m_5abJ20EIU2FWat8','cccc11112222',NULL,'2019-04-21 10:34:48','2019-04-21 10:34:48',true),(112,'otiAB5d9Fn3m_5abJ20EIU2FWat8','222233333',NULL,'2019-04-21 13:35:59','2019-04-21 13:35:59',true),(113,'otiAB5d9Fn3m_5abJ20EIU2FWat8','11111112222',NULL,'2019-04-21 13:38:13','2019-04-21 13:38:13',true),(114,'otiAB5d9Fn3m_5abJ20EIU2FWat8','333111',NULL,'2019-04-23 14:27:22','2019-04-23 14:27:22',true),(115,'otiAB5d9Fn3m_5abJ20EIU2FWat8','had可视化',NULL,'2019-04-28 11:25:09','2019-04-28 11:25:09',true) ON DUPLICATE KEY UPDATE `title`=VALUES(`title`),`updated_at`=VALUES(`updated_at`),`done`=VALUES(`done`);
2019-05-04 15:18:36,935 INFO 39671 [egg-sequelize](1ms) Executed (default): SELECT `id`, `name`, `age`, `created_at`, `updated_at`, `open_id`, `token` FROM `users` AS `user` LIMIT 1;
2019-05-04 15:18:36,938 INFO 39671 [egg-sequelize](1ms) Executed (default): SELECT count(*) AS `count` FROM `lists` AS `list` WHERE `list`.`open_id` = 'otiAB5d9Fn3m_5abJ20EIU2FWat8';
2019-05-04 15:18:36,939 INFO 39671 [egg-sequelize](1ms) Executed (default): SELECT `id`, `open_id`, `title`, `content`, `updated_at`, `created_at`, `done` FROM `lists` AS `list` WHERE `list`.`open_id` = 'otiAB5d9Fn3m_5abJ20EIU2FWat8';
2019-05-04 15:18:45,471 INFO 39671 [egg-sequelize](0ms) Executed (default): SELECT `id`, `name`, `age`, `created_at`, `updated_at`, `open_id`, `token` FROM `users` AS `user` LIMIT 1;
2019-05-04 15:18:45,475 INFO 39671 [egg-sequelize](1ms) Executed (default): SELECT count(*) AS `count` FROM `lists` AS `list` WHERE `list`.`open_id` = 'otiAB5d9Fn3m_5abJ20EIU2FWat8';
2019-05-04 15:18:45,476 INFO 39671 [egg-sequelize](1ms) Executed (default): SELECT `id`, `open_id`, `title`, `content`, `updated_at`, `created_at`, `done` FROM `lists` AS `list` WHERE `list`.`open_id` = 'otiAB5d9Fn3m_5abJ20EIU2FWat8';
2019-05-04 15:21:33,466 INFO 39671 [egg-sequelize](1ms) Executed (default): SELECT `id`, `name`, `age`, `created_at`, `updated_at`, `open_id`, `token` FROM `users` AS `user` LIMIT 1;
2019-05-04 15:21:33,470 INFO 39671 [egg-sequelize](1ms) Executed (default): SELECT count(*) AS `count` FROM `lists` AS `list` WHERE `list`.`open_id` = 'otiAB5d9Fn3m_5abJ20EIU2FWat8';
2019-05-04 15:21:33,472 INFO 39671 [egg-sequelize](1ms) Executed (default): SELECT `id`, `open_id`, `title`, `content`, `updated_at`, `created_at`, `done` FROM `lists` AS `list` WHERE `list`.`open_id` = 'otiAB5d9Fn3m_5abJ20EIU2FWat8';
2019-05-04 15:21:44,594 INFO 39671 [egg-sequelize](0ms) Executed (default): SELECT `id`, `name`, `age`, `created_at`, `updated_at`, `open_id`, `token` FROM `users` AS `user` LIMIT 1;
2019-05-04 15:21:44,598 INFO 39671 [egg-sequelize](1ms) Executed (default): SELECT count(*) AS `count` FROM `lists` AS `list` WHERE `list`.`open_id` = 'otiAB5d9Fn3m_5abJ20EIU2FWat8';
2019-05-04 15:21:44,599 INFO 39671 [egg-sequelize](1ms) Executed (default): SELECT `id`, `open_id`, `title`, `content`, `updated_at`, `created_at`, `done` FROM `lists` AS `list` WHERE `list`.`open_id` = 'otiAB5d9Fn3m_5abJ20EIU2FWat8';
2019-05-04 15:22:26,535 INFO 39671 [egg-sequelize](1ms) Executed (default): SELECT `id`, `name`, `age`, `created_at`, `updated_at`, `open_id`, `token` FROM `users` AS `user` LIMIT 1;
2019-05-04 15:22:26,541 INFO 39671 [egg-sequelize](1ms) Executed (default): SELECT count(*) AS `count` FROM `lists` AS `list` WHERE `list`.`open_id` = 'otiAB5d9Fn3m_5abJ20EIU2FWat8';
2019-05-04 15:22:26,542 INFO 39671 [egg-sequelize](1ms) Executed (default): SELECT `id`, `open_id`, `title`, `content`, `updated_at`, `created_at`, `done` FROM `lists` AS `list` WHERE `list`.`open_id` = 'otiAB5d9Fn3m_5abJ20EIU2FWat8';
2019-05-04 15:23:06,902 INFO 39671 [egg-sequelize](0ms) Executed (default): SELECT `id`, `name`, `age`, `created_at`, `updated_at`, `open_id`, `token` FROM `users` AS `user` LIMIT 1;
2019-05-04 15:23:06,906 INFO 39671 [egg-sequelize](2ms) Executed (default): SELECT count(*) AS `count` FROM `lists` AS `list` WHERE `list`.`open_id` = 'otiAB5d9Fn3m_5abJ20EIU2FWat8';
2019-05-04 15:23:06,908 INFO 39671 [egg-sequelize](1ms) Executed (default): SELECT `id`, `open_id`, `title`, `content`, `updated_at`, `created_at`, `done` FROM `lists` AS `list` WHERE `list`.`open_id` = 'otiAB5d9Fn3m_5abJ20EIU2FWat8';
2019-05-04 15:25:16,065 INFO 39671 [egg-sequelize](0ms) Executed (default): SELECT `id`, `name`, `age`, `created_at`, `updated_at`, `open_id`, `token` FROM `users` AS `user` LIMIT 1;
2019-05-04 15:25:16,071 INFO 39671 [egg-sequelize](1ms) Executed (default): UPDATE `users` SET `token`='eyJhbGciOiJIUzI1NiIsInR5cCI6IkpXVCJ9.eyJuaWNrTmFtZSI6IjXmmJ_mgZIiLCJnZW5kZXIiOjEsImxhbmd1YWdlIjoiemhfQ04iLCJjaXR5IjoiU2hlbnpoZW4iLCJwcm92aW5jZSI6Ikd1YW5nZG9uZyIsImNvdW50cnkiOiJDaGluYSIsImlhdCI6MTU1Njk1NDcxNiwiZXhwIjoxNTU2OTYxOTE2fQ.AViErsKPI933Fb4w4amWLqlW31OPf36KzK1TJIZC8zk',`updated_at`='2019-05-04 07:25:16' WHERE `id` = 1
2019-05-04 15:30:00,281 INFO 39671 [egg-sequelize](0ms) Executed (default): SELECT `id`, `name`, `age`, `created_at`, `updated_at`, `open_id`, `token` FROM `users` AS `user` LIMIT 1;
2019-05-04 15:30:00,287 INFO 39671 [egg-sequelize](2ms) Executed (default): UPDATE `users` SET `token`='eyJhbGciOiJIUzI1NiIsInR5cCI6IkpXVCJ9.eyJuaWNrTmFtZSI6IjXmmJ_mgZIiLCJnZW5kZXIiOjEsImxhbmd1YWdlIjoiemhfQ04iLCJjaXR5IjoiU2hlbnpoZW4iLCJwcm92aW5jZSI6Ikd1YW5nZG9uZyIsImNvdW50cnkiOiJDaGluYSIsImlhdCI6MTU1Njk1NTAwMCwiZXhwIjoxNTU2OTYyMjAwfQ.wKNrkjYnSyauoEIXFDGikkn5x1zwHkdUvHH5mcEI1VY',`updated_at`='2019-05-04 07:30:00' WHERE `id` = 1
2019-05-04 15:30:00,326 INFO 39671 [egg-sequelize](1ms) Executed (default): SELECT `id`, `name`, `age`, `created_at`, `updated_at`, `open_id`, `token` FROM `users` AS `user` LIMIT 1;
2019-05-04 15:30:00,330 INFO 39671 [egg-sequelize](1ms) Executed (default): SELECT count(*) AS `count` FROM `lists` AS `list` WHERE `list`.`open_id` = 'otiAB5d9Fn3m_5abJ20EIU2FWat8';
2019-05-04 15:30:00,332 INFO 39671 [egg-sequelize](1ms) Executed (default): SELECT `id`, `open_id`, `title`, `content`, `updated_at`, `created_at`, `done` FROM `lists` AS `list` WHERE `list`.`open_id` = 'otiAB5d9Fn3m_5abJ20EIU2FWat8';
2019-05-04 15:30:12,461 INFO 39671 [egg-sequelize](0ms) Executed (default): SELECT `id`, `name`, `age`, `created_at`, `updated_at`, `open_id`, `token` FROM `users` AS `user` LIMIT 1;
2019-05-04 15:30:12,467 INFO 39671 [egg-sequelize](2ms) Executed (default): UPDATE `users` SET `token`='eyJhbGciOiJIUzI1NiIsInR5cCI6IkpXVCJ9.eyJuaWNrTmFtZSI6IjXmmJ_mgZIiLCJnZW5kZXIiOjEsImxhbmd1YWdlIjoiemhfQ04iLCJjaXR5IjoiU2hlbnpoZW4iLCJwcm92aW5jZSI6Ikd1YW5nZG9uZyIsImNvdW50cnkiOiJDaGluYSIsImlhdCI6MTU1Njk1NTAxMiwiZXhwIjoxNTU2OTYyMjEyfQ.3gzRvoc7syDIZGm1cwdpTZISj9715EOSvUc4WfDkaJ8',`updated_at`='2019-05-04 07:30:12' WHERE `id` = 1
2019-05-04 15:30:12,500 INFO 39671 [egg-sequelize](0ms) Executed (default): SELECT `id`, `name`, `age`, `created_at`, `updated_at`, `open_id`, `token` FROM `users` AS `user` LIMIT 1;
2019-05-04 15:30:12,504 INFO 39671 [egg-sequelize](1ms) Executed (default): SELECT count(*) AS `count` FROM `lists` AS `list` WHERE `list`.`open_id` = 'otiAB5d9Fn3m_5abJ20EIU2FWat8';
2019-05-04 15:30:12,505 INFO 39671 [egg-sequelize](1ms) Executed (default): SELECT `id`, `open_id`, `title`, `content`, `updated_at`, `created_at`, `done` FROM `lists` AS `list` WHERE `list`.`open_id` = 'otiAB5d9Fn3m_5abJ20EIU2FWat8';
2019-05-04 15:37:07,064 INFO 39671 [egg-sequelize](1ms) Executed (default): SELECT `id`, `name`, `age`, `created_at`, `updated_at`, `open_id`, `token` FROM `users` AS `user` LIMIT 1;
2019-05-04 15:37:07,071 INFO 39671 [egg-sequelize](2ms) Executed (default): UPDATE `users` SET `token`='eyJhbGciOiJIUzI1NiIsInR5cCI6IkpXVCJ9.eyJuaWNrTmFtZSI6IjXmmJ_mgZIiLCJnZW5kZXIiOjEsImxhbmd1YWdlIjoiemhfQ04iLCJjaXR5IjoiU2hlbnpoZW4iLCJwcm92aW5jZSI6Ikd1YW5nZG9uZyIsImNvdW50cnkiOiJDaGluYSIsImlhdCI6MTU1Njk1NTQyNywiZXhwIjoxNTU2OTYyNjI3fQ.7uPi1d074D15cIehkD-llGlXxmn6MXDGSVa3O6ZOVAM',`updated_at`='2019-05-04 07:37:07' WHERE `id` = 1
2019-05-04 15:37:07,104 INFO 39671 [egg-sequelize](0ms) Executed (default): SELECT `id`, `name`, `age`, `created_at`, `updated_at`, `open_id`, `token` FROM `users` AS `user` LIMIT 1;
2019-05-04 15:37:07,109 INFO 39671 [egg-sequelize](2ms) Executed (default): SELECT count(*) AS `count` FROM `lists` AS `list` WHERE `list`.`open_id` = 'otiAB5d9Fn3m_5abJ20EIU2FWat8';
2019-05-04 15:37:07,111 INFO 39671 [egg-sequelize](2ms) Executed (default): SELECT `id`, `open_id`, `title`, `content`, `updated_at`, `created_at`, `done` FROM `lists` AS `list` WHERE `list`.`open_id` = 'otiAB5d9Fn3m_5abJ20EIU2FWat8';
2019-05-04 15:37:57,381 INFO 39671 [egg-sequelize](1ms) Executed (default): SELECT `id`, `name`, `age`, `created_at`, `updated_at`, `open_id`, `token` FROM `users` AS `user` LIMIT 1;
2019-05-04 15:37:57,386 INFO 39671 [egg-sequelize](1ms) Executed (default): UPDATE `users` SET `token`='eyJhbGciOiJIUzI1NiIsInR5cCI6IkpXVCJ9.eyJuaWNrTmFtZSI6IjXmmJ_mgZIiLCJnZW5kZXIiOjEsImxhbmd1YWdlIjoiemhfQ04iLCJjaXR5IjoiU2hlbnpoZW4iLCJwcm92aW5jZSI6Ikd1YW5nZG9uZyIsImNvdW50cnkiOiJDaGluYSIsImlhdCI6MTU1Njk1NTQ3NywiZXhwIjoxNTU2OTYyNjc3fQ.q6-q3i0KUJlZHo86a9Txw4d5LaOUR_riD648eqKrH3A',`updated_at`='2019-05-04 07:37:57' WHERE `id` = 1
2019-05-04 15:37:57,418 INFO 39671 [egg-sequelize](1ms) Executed (default): SELECT `id`, `name`, `age`, `created_at`, `updated_at`, `open_id`, `token` FROM `users` AS `user` LIMIT 1;
2019-05-04 15:37:57,422 INFO 39671 [egg-sequelize](2ms) Executed (default): SELECT count(*) AS `count` FROM `lists` AS `list` WHERE `list`.`open_id` = 'otiAB5d9Fn3m_5abJ20EIU2FWat8';
2019-05-04 15:37:57,423 INFO 39671 [egg-sequelize](1ms) Executed (default): SELECT `id`, `open_id`, `title`, `content`, `updated_at`, `created_at`, `done` FROM `lists` AS `list` WHERE `list`.`open_id` = 'otiAB5d9Fn3m_5abJ20EIU2FWat8';
2019-05-04 15:37:57,461 INFO 39671 [egg-sequelize](0ms) Executed (default): SELECT `id`, `name`, `age`, `created_at`, `updated_at`, `open_id`, `token` FROM `users` AS `user` LIMIT 1;
2019-05-04 15:37:57,500 INFO 39671 [egg-sequelize](1ms) Executed (default): SELECT `id`, `name`, `age`, `created_at`, `updated_at`, `open_id`, `token` FROM `users` AS `user` LIMIT 1;
2019-05-04 15:37:57,506 INFO 39671 [egg-sequelize](3ms) Executed (default): SELECT count(*) AS `count` FROM `lists` AS `list` WHERE `list`.`open_id` = 'otiAB5d9Fn3m_5abJ20EIU2FWat8';
2019-05-04 15:37:57,507 INFO 39671 [egg-sequelize](2ms) Executed (default): SELECT `id`, `open_id`, `title`, `content`, `updated_at`, `created_at`, `done` FROM `lists` AS `list` WHERE `list`.`open_id` = 'otiAB5d9Fn3m_5abJ20EIU2FWat8';
2019-05-04 15:38:05,363 INFO 39671 [egg-sequelize](1ms) Executed (default): SELECT `id`, `name`, `age`, `created_at`, `updated_at`, `open_id`, `token` FROM `users` AS `user` LIMIT 1;
2019-05-04 15:38:05,368 INFO 39671 [egg-sequelize](1ms) Executed (default): UPDATE `users` SET `token`='eyJhbGciOiJIUzI1NiIsInR5cCI6IkpXVCJ9.eyJuaWNrTmFtZSI6IjXmmJ_mgZIiLCJnZW5kZXIiOjEsImxhbmd1YWdlIjoiemhfQ04iLCJjaXR5IjoiU2hlbnpoZW4iLCJwcm92aW5jZSI6Ikd1YW5nZG9uZyIsImNvdW50cnkiOiJDaGluYSIsImlhdCI6MTU1Njk1NTQ4NSwiZXhwIjoxNTU2OTYyNjg1fQ.H-ScOAqzsmo6Kx5ugYkHXPKTnFUjJ87DLMhgEEfzA5s',`updated_at`='2019-05-04 07:38:05' WHERE `id` = 1
2019-05-04 15:38:05,400 INFO 39671 [egg-sequelize](0ms) Executed (default): SELECT `id`, `name`, `age`, `created_at`, `updated_at`, `open_id`, `token` FROM `users` AS `user` LIMIT 1;
2019-05-04 15:38:05,404 INFO 39671 [egg-sequelize](1ms) Executed (default): SELECT count(*) AS `count` FROM `lists` AS `list` WHERE `list`.`open_id` = 'otiAB5d9Fn3m_5abJ20EIU2FWat8';
2019-05-04 15:38:05,406 INFO 39671 [egg-sequelize](1ms) Executed (default): SELECT `id`, `open_id`, `title`, `content`, `updated_at`, `created_at`, `done` FROM `lists` AS `list` WHERE `list`.`open_id` = 'otiAB5d9Fn3m_5abJ20EIU2FWat8';
2019-05-04 15:38:18,229 INFO 39671 [egg-sequelize](1ms) Executed (default): SELECT `id`, `name`, `age`, `created_at`, `updated_at`, `open_id`, `token` FROM `users` AS `user` LIMIT 1;
2019-05-04 15:38:18,234 INFO 39671 [egg-sequelize](2ms) Executed (default): UPDATE `users` SET `token`='eyJhbGciOiJIUzI1NiIsInR5cCI6IkpXVCJ9.eyJuaWNrTmFtZSI6IjXmmJ_mgZIiLCJnZW5kZXIiOjEsImxhbmd1YWdlIjoiemhfQ04iLCJjaXR5IjoiU2hlbnpoZW4iLCJwcm92aW5jZSI6Ikd1YW5nZG9uZyIsImNvdW50cnkiOiJDaGluYSIsImlhdCI6MTU1Njk1NTQ5OCwiZXhwIjoxNTU2OTYyNjk4fQ.6caXI1CzZ70pK5nQvc3Ru4Afhq_UlDaORupLjJ1IrR0',`updated_at`='2019-05-04 07:38:18' WHERE `id` = 1
2019-05-04 15:38:20,342 INFO 39671 [egg-sequelize](1ms) Executed (default): SELECT `id`, `name`, `age`, `created_at`, `updated_at`, `open_id`, `token` FROM `users` AS `user` LIMIT 1;
2019-05-04 15:38:20,347 INFO 39671 [egg-sequelize](2ms) Executed (default): UPDATE `users` SET `token`='eyJhbGciOiJIUzI1NiIsInR5cCI6IkpXVCJ9.eyJuaWNrTmFtZSI6IjXmmJ_mgZIiLCJnZW5kZXIiOjEsImxhbmd1YWdlIjoiemhfQ04iLCJjaXR5IjoiU2hlbnpoZW4iLCJwcm92aW5jZSI6Ikd1YW5nZG9uZyIsImNvdW50cnkiOiJDaGluYSIsImlhdCI6MTU1Njk1NTUwMCwiZXhwIjoxNTU2OTYyNzAwfQ.BZhcGuhU6c4rFr5FG7EKU2RhidDSrJW7vs45KUDEC_E',`updated_at`='2019-05-04 07:38:20' WHERE `id` = 1
2019-05-04 15:38:20,383 INFO 39671 [egg-sequelize](1ms) Executed (default): SELECT `id`, `name`, `age`, `created_at`, `updated_at`, `open_id`, `token` FROM `users` AS `user` LIMIT 1;
2019-05-04 15:38:20,388 INFO 39671 [egg-sequelize](3ms) Executed (default): SELECT count(*) AS `count` FROM `lists` AS `list` WHERE `list`.`open_id` = 'otiAB5d9Fn3m_5abJ20EIU2FWat8';
2019-05-04 15:38:20,389 INFO 39671 [egg-sequelize](1ms) Executed (default): SELECT `id`, `open_id`, `title`, `content`, `updated_at`, `created_at`, `done` FROM `lists` AS `list` WHERE `list`.`open_id` = 'otiAB5d9Fn3m_5abJ20EIU2FWat8';
2019-05-04 15:39:04,280 INFO 39671 [egg-sequelize](1ms) Executed (default): SELECT `id`, `name`, `age`, `created_at`, `updated_at`, `open_id`, `token` FROM `users` AS `user` LIMIT 1;
2019-05-04 15:39:04,286 INFO 39671 [egg-sequelize](2ms) Executed (default): UPDATE `users` SET `token`='eyJhbGciOiJIUzI1NiIsInR5cCI6IkpXVCJ9.eyJuaWNrTmFtZSI6IjXmmJ_mgZIiLCJnZW5kZXIiOjEsImxhbmd1YWdlIjoiemhfQ04iLCJjaXR5IjoiU2hlbnpoZW4iLCJwcm92aW5jZSI6Ikd1YW5nZG9uZyIsImNvdW50cnkiOiJDaGluYSIsImlhdCI6MTU1Njk1NTU0NCwiZXhwIjoxNTU2OTYyNzQ0fQ.ubOuu9vbHfxmzHeFNdkzxP61etaQQt9TY2tdBJU0eK4',`updated_at`='2019-05-04 07:39:04' WHERE `id` = 1
2019-05-04 15:39:04,290 INFO 39671 [egg-sequelize](0ms) Executed (default): SELECT `id`, `name`, `age`, `created_at`, `updated_at`, `open_id`, `token` FROM `users` AS `user` LIMIT 1;
2019-05-04 15:39:04,333 INFO 39671 [egg-sequelize](1ms) Executed (default): SELECT `id`, `name`, `age`, `created_at`, `updated_at`, `open_id`, `token` FROM `users` AS `user` LIMIT 1;
2019-05-04 15:39:04,339 INFO 39671 [egg-sequelize](2ms) Executed (default): SELECT count(*) AS `count` FROM `lists` AS `list` WHERE `list`.`open_id` = 'otiAB5d9Fn3m_5abJ20EIU2FWat8';
2019-05-04 15:39:04,340 INFO 39671 [egg-sequelize](1ms) Executed (default): SELECT `id`, `open_id`, `title`, `content`, `updated_at`, `created_at`, `done` FROM `lists` AS `list` WHERE `list`.`open_id` = 'otiAB5d9Fn3m_5abJ20EIU2FWat8';
2019-05-04 15:39:04,346 INFO 39671 [egg-sequelize](1ms) Executed (default): SELECT `id`, `name`, `age`, `created_at`, `updated_at`, `open_id`, `token` FROM `users` AS `user` LIMIT 1;
2019-05-04 15:39:04,350 INFO 39671 [egg-sequelize](2ms) Executed (default): SELECT count(*) AS `count` FROM `lists` AS `list` WHERE `list`.`open_id` = 'otiAB5d9Fn3m_5abJ20EIU2FWat8';
2019-05-04 15:39:04,352 INFO 39671 [egg-sequelize](2ms) Executed (default): SELECT `id`, `open_id`, `title`, `content`, `updated_at`, `created_at`, `done` FROM `lists` AS `list` WHERE `list`.`open_id` = 'otiAB5d9Fn3m_5abJ20EIU2FWat8';
2019-05-04 15:39:09,331 INFO 39671 [egg-sequelize](0ms) Executed (default): SELECT `id`, `name`, `age`, `created_at`, `updated_at`, `open_id`, `token` FROM `users` AS `user` LIMIT 1;
2019-05-04 15:39:09,338 INFO 39671 [egg-sequelize](2ms) Executed (default): UPDATE `users` SET `token`='eyJhbGciOiJIUzI1NiIsInR5cCI6IkpXVCJ9.eyJuaWNrTmFtZSI6IjXmmJ_mgZIiLCJnZW5kZXIiOjEsImxhbmd1YWdlIjoiemhfQ04iLCJjaXR5IjoiU2hlbnpoZW4iLCJwcm92aW5jZSI6Ikd1YW5nZG9uZyIsImNvdW50cnkiOiJDaGluYSIsImlhdCI6MTU1Njk1NTU0OSwiZXhwIjoxNTU2OTYyNzQ5fQ.YBEl7yD6Nfker1T5kFMoRH4qZdQnGX38GHh32pT0NoU',`updated_at`='2019-05-04 07:39:09' WHERE `id` = 1
2019-05-04 15:39:09,371 INFO 39671 [egg-sequelize](1ms) Executed (default): SELECT `id`, `name`, `age`, `created_at`, `updated_at`, `open_id`, `token` FROM `users` AS `user` LIMIT 1;
2019-05-04 15:39:09,374 INFO 39671 [egg-sequelize](1ms) Executed (default): SELECT count(*) AS `count` FROM `lists` AS `list` WHERE `list`.`open_id` = 'otiAB5d9Fn3m_5abJ20EIU2FWat8';
2019-05-04 15:39:09,374 INFO 39671 [egg-sequelize](1ms) Executed (default): SELECT `id`, `open_id`, `title`, `content`, `updated_at`, `created_at`, `done` FROM `lists` AS `list` WHERE `list`.`open_id` = 'otiAB5d9Fn3m_5abJ20EIU2FWat8';
2019-05-04 15:39:11,105 INFO 39671 [egg-sequelize](1ms) Executed (default): SELECT `id`, `name`, `age`, `created_at`, `updated_at`, `open_id`, `token` FROM `users` AS `user` LIMIT 1;
2019-05-04 15:39:11,110 INFO 39671 [egg-sequelize](1ms) Executed (default): UPDATE `users` SET `token`='eyJhbGciOiJIUzI1NiIsInR5cCI6IkpXVCJ9.eyJuaWNrTmFtZSI6IjXmmJ_mgZIiLCJnZW5kZXIiOjEsImxhbmd1YWdlIjoiemhfQ04iLCJjaXR5IjoiU2hlbnpoZW4iLCJwcm92aW5jZSI6Ikd1YW5nZG9uZyIsImNvdW50cnkiOiJDaGluYSIsImlhdCI6MTU1Njk1NTU1MSwiZXhwIjoxNTU2OTYyNzUxfQ.YIOH9pnuYzFcbbNyLFQin3JN8p0it4D_SQlqXRkUXFM',`updated_at`='2019-05-04 07:39:11' WHERE `id` = 1
2019-05-04 15:39:11,142 INFO 39671 [egg-sequelize](0ms) Executed (default): SELECT `id`, `name`, `age`, `created_at`, `updated_at`, `open_id`, `token` FROM `users` AS `user` LIMIT 1;
2019-05-04 15:39:11,146 INFO 39671 [egg-sequelize](1ms) Executed (default): SELECT count(*) AS `count` FROM `lists` AS `list` WHERE `list`.`open_id` = 'otiAB5d9Fn3m_5abJ20EIU2FWat8';
2019-05-04 15:39:11,148 INFO 39671 [egg-sequelize](1ms) Executed (default): SELECT `id`, `open_id`, `title`, `content`, `updated_at`, `created_at`, `done` FROM `lists` AS `list` WHERE `list`.`open_id` = 'otiAB5d9Fn3m_5abJ20EIU2FWat8';
2019-05-04 15:39:25,027 INFO 39671 [egg-sequelize](1ms) Executed (default): SELECT `id`, `name`, `age`, `created_at`, `updated_at`, `open_id`, `token` FROM `users` AS `user` LIMIT 1;
2019-05-04 15:39:25,035 INFO 39671 [egg-sequelize](3ms) Executed (default): UPDATE `users` SET `token`='eyJhbGciOiJIUzI1NiIsInR5cCI6IkpXVCJ9.eyJuaWNrTmFtZSI6IjXmmJ_mgZIiLCJnZW5kZXIiOjEsImxhbmd1YWdlIjoiemhfQ04iLCJjaXR5IjoiU2hlbnpoZW4iLCJwcm92aW5jZSI6Ikd1YW5nZG9uZyIsImNvdW50cnkiOiJDaGluYSIsImlhdCI6MTU1Njk1NTU2NSwiZXhwIjoxNTU2OTYyNzY1fQ.Hoe-VlVcjQg-6Ejb1Npw5JGntXQYdfhkJcqS8Q44YIM',`updated_at`='2019-05-04 07:39:25' WHERE `id` = 1
2019-05-04 15:39:25,055 INFO 39671 [egg-sequelize](0ms) Executed (default): SELECT `id`, `name`, `age`, `created_at`, `updated_at`, `open_id`, `token` FROM `users` AS `user` LIMIT 1;
2019-05-04 15:39:25,071 INFO 39671 [egg-sequelize](1ms) Executed (default): SELECT `id`, `name`, `age`, `created_at`, `updated_at`, `open_id`, `token` FROM `users` AS `user` LIMIT 1;
2019-05-04 15:39:25,076 INFO 39671 [egg-sequelize](2ms) Executed (default): SELECT count(*) AS `count` FROM `lists` AS `list` WHERE `list`.`open_id` = 'otiAB5d9Fn3m_5abJ20EIU2FWat8';
2019-05-04 15:39:25,076 INFO 39671 [egg-sequelize](1ms) Executed (default): SELECT `id`, `open_id`, `title`, `content`, `updated_at`, `created_at`, `done` FROM `lists` AS `list` WHERE `list`.`open_id` = 'otiAB5d9Fn3m_5abJ20EIU2FWat8';
2019-05-04 15:39:25,099 INFO 39671 [egg-sequelize](1ms) Executed (default): SELECT `id`, `name`, `age`, `created_at`, `updated_at`, `open_id`, `token` FROM `users` AS `user` LIMIT 1;
2019-05-04 15:39:25,103 INFO 39671 [egg-sequelize](1ms) Executed (default): SELECT count(*) AS `count` FROM `lists` AS `list` WHERE `list`.`open_id` = 'otiAB5d9Fn3m_5abJ20EIU2FWat8';
2019-05-04 15:39:25,104 INFO 39671 [egg-sequelize](1ms) Executed (default): SELECT `id`, `open_id`, `title`, `content`, `updated_at`, `created_at`, `done` FROM `lists` AS `list` WHERE `list`.`open_id` = 'otiAB5d9Fn3m_5abJ20EIU2FWat8';
2019-05-04 16:14:53,082 INFO 39671 [egg-sequelize](0ms) Executed (default): SELECT `id`, `name`, `age`, `created_at`, `updated_at`, `open_id`, `token` FROM `users` AS `user` LIMIT 1;
2019-05-04 16:14:53,090 INFO 39671 [egg-sequelize](3ms) Executed (default): UPDATE `users` SET `token`='eyJhbGciOiJIUzI1NiIsInR5cCI6IkpXVCJ9.eyJuaWNrTmFtZSI6IjXmmJ_mgZIiLCJnZW5kZXIiOjEsImxhbmd1YWdlIjoiemhfQ04iLCJjaXR5IjoiU2hlbnpoZW4iLCJwcm92aW5jZSI6Ikd1YW5nZG9uZyIsImNvdW50cnkiOiJDaGluYSIsImlhdCI6MTU1Njk1NzY5MywiZXhwIjoxNTU2OTY0ODkzfQ.ktaWPGd1WK50OGxUTPdfDHYt7wPkqYkSxCqNdzHN8Ss',`updated_at`='2019-05-04 08:14:53' WHERE `id` = 1
2019-05-04 16:15:20,858 INFO 39671 [egg-sequelize](1ms) Executed (default): SELECT `id`, `name`, `age`, `created_at`, `updated_at`, `open_id`, `token` FROM `users` AS `user` LIMIT 1;
2019-05-04 16:15:20,862 INFO 39671 [egg-sequelize](1ms) Executed (default): UPDATE `users` SET `token`='eyJhbGciOiJIUzI1NiIsInR5cCI6IkpXVCJ9.eyJuaWNrTmFtZSI6IjXmmJ_mgZIiLCJnZW5kZXIiOjEsImxhbmd1YWdlIjoiemhfQ04iLCJjaXR5IjoiU2hlbnpoZW4iLCJwcm92aW5jZSI6Ikd1YW5nZG9uZyIsImNvdW50cnkiOiJDaGluYSIsImlhdCI6MTU1Njk1NzcyMCwiZXhwIjoxNTU2OTY0OTIwfQ.bPYYKmjKrbLshxq6yJC0m36cybhU4PrlP-s_rMFD3Yo',`updated_at`='2019-05-04 08:15:20' WHERE `id` = 1
2019-05-04 16:15:20,894 INFO 39671 [egg-sequelize](0ms) Executed (default): SELECT `id`, `name`, `age`, `created_at`, `updated_at`, `open_id`, `token` FROM `users` AS `user` LIMIT 1;
2019-05-04 16:15:20,899 INFO 39671 [egg-sequelize](3ms) Executed (default): SELECT count(*) AS `count` FROM `lists` AS `list` WHERE `list`.`open_id` = 'otiAB5d9Fn3m_5abJ20EIU2FWat8';
2019-05-04 16:15:20,901 INFO 39671 [egg-sequelize](1ms) Executed (default): SELECT `id`, `open_id`, `title`, `content`, `updated_at`, `created_at`, `done` FROM `lists` AS `list` WHERE `list`.`open_id` = 'otiAB5d9Fn3m_5abJ20EIU2FWat8';
2019-05-04 16:15:20,903 INFO 39671 [egg-sequelize](1ms) Executed (default): SELECT `id`, `name`, `age`, `created_at`, `updated_at`, `open_id`, `token` FROM `users` AS `user` LIMIT 1;
2019-05-04 16:15:20,960 INFO 39671 [egg-sequelize](1ms) Executed (default): SELECT `id`, `name`, `age`, `created_at`, `updated_at`, `open_id`, `token` FROM `users` AS `user` LIMIT 1;
2019-05-04 16:15:20,965 INFO 39671 [egg-sequelize](1ms) Executed (default): SELECT count(*) AS `count` FROM `lists` AS `list` WHERE `list`.`open_id` = 'otiAB5d9Fn3m_5abJ20EIU2FWat8';
2019-05-04 16:15:20,966 INFO 39671 [egg-sequelize](1ms) Executed (default): SELECT `id`, `open_id`, `title`, `content`, `updated_at`, `created_at`, `done` FROM `lists` AS `list` WHERE `list`.`open_id` = 'otiAB5d9Fn3m_5abJ20EIU2FWat8';
2019-05-04 16:15:25,184 INFO 39671 [egg-sequelize](1ms) Executed (default): SELECT `id`, `name`, `age`, `created_at`, `updated_at`, `open_id`, `token` FROM `users` AS `user` LIMIT 1;
2019-05-04 16:15:25,189 INFO 39671 [egg-sequelize](2ms) Executed (default): UPDATE `users` SET `token`='eyJhbGciOiJIUzI1NiIsInR5cCI6IkpXVCJ9.eyJuaWNrTmFtZSI6IjXmmJ_mgZIiLCJnZW5kZXIiOjEsImxhbmd1YWdlIjoiemhfQ04iLCJjaXR5IjoiU2hlbnpoZW4iLCJwcm92aW5jZSI6Ikd1YW5nZG9uZyIsImNvdW50cnkiOiJDaGluYSIsImlhdCI6MTU1Njk1NzcyNSwiZXhwIjoxNTU2OTY0OTI1fQ.EK7FHNx-bsRznpe-FhLbfYGdk9BZasf2kzPpix6HXII',`updated_at`='2019-05-04 08:15:25' WHERE `id` = 1
2019-05-04 16:15:28,465 INFO 39671 [egg-sequelize](1ms) Executed (default): SELECT `id`, `name`, `age`, `created_at`, `updated_at`, `open_id`, `token` FROM `users` AS `user` LIMIT 1;
2019-05-04 16:15:28,472 INFO 39671 [egg-sequelize](2ms) Executed (default): UPDATE `users` SET `token`='eyJhbGciOiJIUzI1NiIsInR5cCI6IkpXVCJ9.eyJuaWNrTmFtZSI6IjXmmJ_mgZIiLCJnZW5kZXIiOjEsImxhbmd1YWdlIjoiemhfQ04iLCJjaXR5IjoiU2hlbnpoZW4iLCJwcm92aW5jZSI6Ikd1YW5nZG9uZyIsImNvdW50cnkiOiJDaGluYSIsImlhdCI6MTU1Njk1NzcyOCwiZXhwIjoxNTU2OTY0OTI4fQ.aGmJXixl_OlM0PYpsrj3PF398HWxmmqrWJIgUbuIZUw',`updated_at`='2019-05-04 08:15:28' WHERE `id` = 1
2019-05-04 16:15:28,499 INFO 39671 [egg-sequelize](1ms) Executed (default): SELECT `id`, `name`, `age`, `created_at`, `updated_at`, `open_id`, `token` FROM `users` AS `user` LIMIT 1;
2019-05-04 16:15:28,502 INFO 39671 [egg-sequelize](1ms) Executed (default): SELECT count(*) AS `count` FROM `lists` AS `list` WHERE `list`.`open_id` = 'otiAB5d9Fn3m_5abJ20EIU2FWat8';
2019-05-04 16:15:28,503 INFO 39671 [egg-sequelize](1ms) Executed (default): SELECT `id`, `open_id`, `title`, `content`, `updated_at`, `created_at`, `done` FROM `lists` AS `list` WHERE `list`.`open_id` = 'otiAB5d9Fn3m_5abJ20EIU2FWat8';
2019-05-04 16:16:11,621 INFO 39671 [egg-sequelize](1ms) Executed (default): SELECT `id`, `name`, `age`, `created_at`, `updated_at`, `open_id`, `token` FROM `users` AS `user` LIMIT 1;
2019-05-04 16:16:11,627 INFO 39671 [egg-sequelize](1ms) Executed (default): UPDATE `users` SET `token`='eyJhbGciOiJIUzI1NiIsInR5cCI6IkpXVCJ9.eyJuaWNrTmFtZSI6IjXmmJ_mgZIiLCJnZW5kZXIiOjEsImxhbmd1YWdlIjoiemhfQ04iLCJjaXR5IjoiU2hlbnpoZW4iLCJwcm92aW5jZSI6Ikd1YW5nZG9uZyIsImNvdW50cnkiOiJDaGluYSIsImlhdCI6MTU1Njk1Nzc3MSwiZXhwIjoxNTU2OTY0OTcxfQ.jOgE5hsJKkAdO47wMoq60SMDxmXzlbDZx1YcKAcBDTY',`updated_at`='2019-05-04 08:16:11' WHERE `id` = 1
2019-05-04 16:16:11,631 INFO 39671 [egg-sequelize](1ms) Executed (default): SELECT `id`, `name`, `age`, `created_at`, `updated_at`, `open_id`, `token` FROM `users` AS `user` LIMIT 1;
2019-05-04 16:16:11,683 INFO 39671 [egg-sequelize](0ms) Executed (default): SELECT `id`, `name`, `age`, `created_at`, `updated_at`, `open_id`, `token` FROM `users` AS `user` LIMIT 1;
2019-05-04 16:16:11,690 INFO 39671 [egg-sequelize](3ms) Executed (default): SELECT count(*) AS `count` FROM `lists` AS `list` WHERE `list`.`open_id` = 'otiAB5d9Fn3m_5abJ20EIU2FWat8';
2019-05-04 16:16:11,693 INFO 39671 [egg-sequelize](3ms) Executed (default): SELECT `id`, `open_id`, `title`, `content`, `updated_at`, `created_at`, `done` FROM `lists` AS `list` WHERE `list`.`open_id` = 'otiAB5d9Fn3m_5abJ20EIU2FWat8';
2019-05-04 16:16:11,696 INFO 39671 [egg-sequelize](2ms) Executed (default): SELECT `id`, `name`, `age`, `created_at`, `updated_at`, `open_id`, `token` FROM `users` AS `user` LIMIT 1;
2019-05-04 16:16:11,701 INFO 39671 [egg-sequelize](2ms) Executed (default): SELECT count(*) AS `count` FROM `lists` AS `list` WHERE `list`.`open_id` = 'otiAB5d9Fn3m_5abJ20EIU2FWat8';
2019-05-04 16:16:11,702 INFO 39671 [egg-sequelize](1ms) Executed (default): SELECT `id`, `open_id`, `title`, `content`, `updated_at`, `created_at`, `done` FROM `lists` AS `list` WHERE `list`.`open_id` = 'otiAB5d9Fn3m_5abJ20EIU2FWat8';
2019-05-04 16:16:19,413 INFO 39671 [egg-sequelize](1ms) Executed (default): SELECT `id`, `name`, `age`, `created_at`, `updated_at`, `open_id`, `token` FROM `users` AS `user` LIMIT 1;
2019-05-04 16:16:19,419 INFO 39671 [egg-sequelize](2ms) Executed (default): UPDATE `users` SET `token`='eyJhbGciOiJIUzI1NiIsInR5cCI6IkpXVCJ9.eyJuaWNrTmFtZSI6IjXmmJ_mgZIiLCJnZW5kZXIiOjEsImxhbmd1YWdlIjoiemhfQ04iLCJjaXR5IjoiU2hlbnpoZW4iLCJwcm92aW5jZSI6Ikd1YW5nZG9uZyIsImNvdW50cnkiOiJDaGluYSIsImlhdCI6MTU1Njk1Nzc3OSwiZXhwIjoxNTU2OTY0OTc5fQ.38GmG_V__60YjcNiWTDQQcg39VdRNtpCP24oRz5ra98',`updated_at`='2019-05-04 08:16:19' WHERE `id` = 1
2019-05-04 16:16:22,432 INFO 39671 [egg-sequelize](1ms) Executed (default): SELECT `id`, `name`, `age`, `created_at`, `updated_at`, `open_id`, `token` FROM `users` AS `user` LIMIT 1;
2019-05-04 16:16:22,439 INFO 39671 [egg-sequelize](2ms) Executed (default): UPDATE `users` SET `token`='eyJhbGciOiJIUzI1NiIsInR5cCI6IkpXVCJ9.eyJuaWNrTmFtZSI6IjXmmJ_mgZIiLCJnZW5kZXIiOjEsImxhbmd1YWdlIjoiemhfQ04iLCJjaXR5IjoiU2hlbnpoZW4iLCJwcm92aW5jZSI6Ikd1YW5nZG9uZyIsImNvdW50cnkiOiJDaGluYSIsImlhdCI6MTU1Njk1Nzc4MiwiZXhwIjoxNTU2OTY0OTgyfQ.effFBOhjxBg6Kzs487cUjzLWVfJSlVEgTEFKLliPy2w',`updated_at`='2019-05-04 08:16:22' WHERE `id` = 1
2019-05-04 16:16:22,467 INFO 39671 [egg-sequelize](0ms) Executed (default): SELECT `id`, `name`, `age`, `created_at`, `updated_at`, `open_id`, `token` FROM `users` AS `user` LIMIT 1;
2019-05-04 16:16:22,470 INFO 39671 [egg-sequelize](1ms) Executed (default): SELECT count(*) AS `count` FROM `lists` AS `list` WHERE `list`.`open_id` = 'otiAB5d9Fn3m_5abJ20EIU2FWat8';
2019-05-04 16:16:22,471 INFO 39671 [egg-sequelize](1ms) Executed (default): SELECT `id`, `open_id`, `title`, `content`, `updated_at`, `created_at`, `done` FROM `lists` AS `list` WHERE `list`.`open_id` = 'otiAB5d9Fn3m_5abJ20EIU2FWat8';
2019-05-04 16:16:45,375 INFO 39671 [egg-sequelize](1ms) Executed (default): SELECT `id`, `name`, `age`, `created_at`, `updated_at`, `open_id`, `token` FROM `users` AS `user` LIMIT 1;
2019-05-04 16:16:45,381 INFO 39671 [egg-sequelize](2ms) Executed (default): UPDATE `users` SET `token`='eyJhbGciOiJIUzI1NiIsInR5cCI6IkpXVCJ9.eyJuaWNrTmFtZSI6IjXmmJ_mgZIiLCJnZW5kZXIiOjEsImxhbmd1YWdlIjoiemhfQ04iLCJjaXR5IjoiU2hlbnpoZW4iLCJwcm92aW5jZSI6Ikd1YW5nZG9uZyIsImNvdW50cnkiOiJDaGluYSIsImlhdCI6MTU1Njk1NzgwNSwiZXhwIjoxNTU2OTY1MDA1fQ.-MbK_wlKcdK5OrheWRT1QNKI2ASo6KATELXkrq-Ri7I',`updated_at`='2019-05-04 08:16:45' WHERE `id` = 1
2019-05-04 16:17:42,124 INFO 39671 [egg-sequelize](1ms) Executed (default): SELECT `id`, `name`, `age`, `created_at`, `updated_at`, `open_id`, `token` FROM `users` AS `user` LIMIT 1;
2019-05-04 16:17:42,130 INFO 39671 [egg-sequelize](2ms) Executed (default): UPDATE `users` SET `token`='eyJhbGciOiJIUzI1NiIsInR5cCI6IkpXVCJ9.eyJuaWNrTmFtZSI6IjXmmJ_mgZIiLCJnZW5kZXIiOjEsImxhbmd1YWdlIjoiemhfQ04iLCJjaXR5IjoiU2hlbnpoZW4iLCJwcm92aW5jZSI6Ikd1YW5nZG9uZyIsImNvdW50cnkiOiJDaGluYSIsImlhdCI6MTU1Njk1Nzg2MiwiZXhwIjoxNTU2OTY1MDYyfQ.huHNuxRDYQLXjGWg64mnUtvOm6NdSp8jXHLrStrVkcU',`updated_at`='2019-05-04 08:17:42' WHERE `id` = 1
2019-05-04 16:17:42,163 INFO 39671 [egg-sequelize](1ms) Executed (default): SELECT `id`, `name`, `age`, `created_at`, `updated_at`, `open_id`, `token` FROM `users` AS `user` LIMIT 1;
2019-05-04 16:17:42,167 INFO 39671 [egg-sequelize](1ms) Executed (default): SELECT count(*) AS `count` FROM `lists` AS `list` WHERE `list`.`open_id` = 'otiAB5d9Fn3m_5abJ20EIU2FWat8';
2019-05-04 16:17:42,170 INFO 39671 [egg-sequelize](2ms) Executed (default): SELECT `id`, `open_id`, `title`, `content`, `updated_at`, `created_at`, `done` FROM `lists` AS `list` WHERE `list`.`open_id` = 'otiAB5d9Fn3m_5abJ20EIU2FWat8';
2019-05-04 16:17:42,180 INFO 39671 [egg-sequelize](1ms) Executed (default): SELECT `id`, `name`, `age`, `created_at`, `updated_at`, `open_id`, `token` FROM `users` AS `user` LIMIT 1;
2019-05-04 16:17:42,260 INFO 39671 [egg-sequelize](1ms) Executed (default): SELECT `id`, `name`, `age`, `created_at`, `updated_at`, `open_id`, `token` FROM `users` AS `user` LIMIT 1;
2019-05-04 16:17:42,265 INFO 39671 [egg-sequelize](2ms) Executed (default): SELECT count(*) AS `count` FROM `lists` AS `list` WHERE `list`.`open_id` = 'otiAB5d9Fn3m_5abJ20EIU2FWat8';
2019-05-04 16:17:42,266 INFO 39671 [egg-sequelize](1ms) Executed (default): SELECT `id`, `open_id`, `title`, `content`, `updated_at`, `created_at`, `done` FROM `lists` AS `list` WHERE `list`.`open_id` = 'otiAB5d9Fn3m_5abJ20EIU2FWat8';
2019-05-04 16:17:46,990 INFO 39671 [egg-sequelize](1ms) Executed (default): SELECT `id`, `name`, `age`, `created_at`, `updated_at`, `open_id`, `token` FROM `users` AS `user` LIMIT 1;
2019-05-04 16:17:47,005 INFO 39671 [egg-sequelize](11ms) Executed (default): UPDATE `users` SET `token`='eyJhbGciOiJIUzI1NiIsInR5cCI6IkpXVCJ9.eyJuaWNrTmFtZSI6IjXmmJ_mgZIiLCJnZW5kZXIiOjEsImxhbmd1YWdlIjoiemhfQ04iLCJjaXR5IjoiU2hlbnpoZW4iLCJwcm92aW5jZSI6Ikd1YW5nZG9uZyIsImNvdW50cnkiOiJDaGluYSIsImlhdCI6MTU1Njk1Nzg2NiwiZXhwIjoxNTU2OTY1MDY2fQ.g9eifc8teHHXAb4ZWjEM2jVKasmr43-E99oHA_6Jhg0',`updated_at`='2019-05-04 08:17:46' WHERE `id` = 1
2019-05-04 16:17:49,658 INFO 39671 [egg-sequelize](1ms) Executed (default): SELECT `id`, `name`, `age`, `created_at`, `updated_at`, `open_id`, `token` FROM `users` AS `user` LIMIT 1;
2019-05-04 16:17:49,664 INFO 39671 [egg-sequelize](2ms) Executed (default): UPDATE `users` SET `token`='eyJhbGciOiJIUzI1NiIsInR5cCI6IkpXVCJ9.eyJuaWNrTmFtZSI6IjXmmJ_mgZIiLCJnZW5kZXIiOjEsImxhbmd1YWdlIjoiemhfQ04iLCJjaXR5IjoiU2hlbnpoZW4iLCJwcm92aW5jZSI6Ikd1YW5nZG9uZyIsImNvdW50cnkiOiJDaGluYSIsImlhdCI6MTU1Njk1Nzg2OSwiZXhwIjoxNTU2OTY1MDY5fQ.PaH86FP1U88m1-wT3n185nObPKGx8hjqPJXC-AxW5Yo',`updated_at`='2019-05-04 08:17:49' WHERE `id` = 1
2019-05-04 16:18:38,287 INFO 39671 [egg-sequelize](0ms) Executed (default): SELECT `id`, `name`, `age`, `created_at`, `updated_at`, `open_id`, `token` FROM `users` AS `user` LIMIT 1;
2019-05-04 16:18:38,292 INFO 39671 [egg-sequelize](1ms) Executed (default): UPDATE `users` SET `token`='eyJhbGciOiJIUzI1NiIsInR5cCI6IkpXVCJ9.eyJuaWNrTmFtZSI6IjXmmJ_mgZIiLCJnZW5kZXIiOjEsImxhbmd1YWdlIjoiemhfQ04iLCJjaXR5IjoiU2hlbnpoZW4iLCJwcm92aW5jZSI6Ikd1YW5nZG9uZyIsImNvdW50cnkiOiJDaGluYSIsImlhdCI6MTU1Njk1NzkxOCwiZXhwIjoxNTU2OTY1MTE4fQ.XBFZ5O0eFfGNCSrBDD6tUDYfKYfeBKZ1GoFRUO03j3I',`updated_at`='2019-05-04 08:18:38' WHERE `id` = 1
2019-05-04 16:18:38,324 INFO 39671 [egg-sequelize](0ms) Executed (default): SELECT `id`, `name`, `age`, `created_at`, `updated_at`, `open_id`, `token` FROM `users` AS `user` LIMIT 1;
2019-05-04 16:18:38,328 INFO 39671 [egg-sequelize](1ms) Executed (default): SELECT count(*) AS `count` FROM `lists` AS `list` WHERE `list`.`open_id` = 'otiAB5d9Fn3m_5abJ20EIU2FWat8';
2019-05-04 16:18:38,330 INFO 39671 [egg-sequelize](1ms) Executed (default): SELECT `id`, `open_id`, `title`, `content`, `updated_at`, `created_at`, `done` FROM `lists` AS `list` WHERE `list`.`open_id` = 'otiAB5d9Fn3m_5abJ20EIU2FWat8';
2019-05-04 16:18:38,361 INFO 39671 [egg-sequelize](2ms) Executed (default): SELECT `id`, `name`, `age`, `created_at`, `updated_at`, `open_id`, `token` FROM `users` AS `user` LIMIT 1;
2019-05-04 16:18:38,396 INFO 39671 [egg-sequelize](1ms) Executed (default): SELECT `id`, `name`, `age`, `created_at`, `updated_at`, `open_id`, `token` FROM `users` AS `user` LIMIT 1;
2019-05-04 16:18:38,399 INFO 39671 [egg-sequelize](1ms) Executed (default): SELECT count(*) AS `count` FROM `lists` AS `list` WHERE `list`.`open_id` = 'otiAB5d9Fn3m_5abJ20EIU2FWat8';
2019-05-04 16:18:38,400 INFO 39671 [egg-sequelize](1ms) Executed (default): SELECT `id`, `open_id`, `title`, `content`, `updated_at`, `created_at`, `done` FROM `lists` AS `list` WHERE `list`.`open_id` = 'otiAB5d9Fn3m_5abJ20EIU2FWat8';
2019-05-04 16:18:46,455 INFO 39671 [egg-sequelize](1ms) Executed (default): SELECT `id`, `name`, `age`, `created_at`, `updated_at`, `open_id`, `token` FROM `users` AS `user` LIMIT 1;
2019-05-04 16:18:46,461 INFO 39671 [egg-sequelize](1ms) Executed (default): UPDATE `users` SET `token`='eyJhbGciOiJIUzI1NiIsInR5cCI6IkpXVCJ9.eyJuaWNrTmFtZSI6IjXmmJ_mgZIiLCJnZW5kZXIiOjEsImxhbmd1YWdlIjoiemhfQ04iLCJjaXR5IjoiU2hlbnpoZW4iLCJwcm92aW5jZSI6Ikd1YW5nZG9uZyIsImNvdW50cnkiOiJDaGluYSIsImlhdCI6MTU1Njk1NzkyNiwiZXhwIjoxNTU2OTY1MTI2fQ.mViIaj8Io8APR-kfauWP3TLY9uTqJowx2SxeyS9xgvI',`updated_at`='2019-05-04 08:18:46' WHERE `id` = 1
2019-05-04 16:19:17,299 INFO 39671 [egg-sequelize](1ms) Executed (default): SELECT `id`, `name`, `age`, `created_at`, `updated_at`, `open_id`, `token` FROM `users` AS `user` LIMIT 1;
2019-05-04 16:19:17,305 INFO 39671 [egg-sequelize](2ms) Executed (default): UPDATE `users` SET `token`='eyJhbGciOiJIUzI1NiIsInR5cCI6IkpXVCJ9.eyJuaWNrTmFtZSI6IjXmmJ_mgZIiLCJnZW5kZXIiOjEsImxhbmd1YWdlIjoiemhfQ04iLCJjaXR5IjoiU2hlbnpoZW4iLCJwcm92aW5jZSI6Ikd1YW5nZG9uZyIsImNvdW50cnkiOiJDaGluYSIsImlhdCI6MTU1Njk1Nzk1NywiZXhwIjoxNTU2OTY1MTU3fQ.0gO_S4QHHUf2cvomTRDJaLTAUMowfRVq8b2xkrl3htI',`updated_at`='2019-05-04 08:19:17' WHERE `id` = 1
2019-05-04 16:19:17,341 INFO 39671 [egg-sequelize](0ms) Executed (default): SELECT `id`, `name`, `age`, `created_at`, `updated_at`, `open_id`, `token` FROM `users` AS `user` LIMIT 1;
2019-05-04 16:19:17,346 INFO 39671 [egg-sequelize](2ms) Executed (default): SELECT count(*) AS `count` FROM `lists` AS `list` WHERE `list`.`open_id` = 'otiAB5d9Fn3m_5abJ20EIU2FWat8';
2019-05-04 16:19:17,347 INFO 39671 [egg-sequelize](1ms) Executed (default): SELECT `id`, `open_id`, `title`, `content`, `updated_at`, `created_at`, `done` FROM `lists` AS `list` WHERE `list`.`open_id` = 'otiAB5d9Fn3m_5abJ20EIU2FWat8';
2019-05-04 16:19:17,409 INFO 39671 [egg-sequelize](1ms) Executed (default): SELECT `id`, `name`, `age`, `created_at`, `updated_at`, `open_id`, `token` FROM `users` AS `user` LIMIT 1;
2019-05-04 16:19:17,454 INFO 39671 [egg-sequelize](1ms) Executed (default): SELECT `id`, `name`, `age`, `created_at`, `updated_at`, `open_id`, `token` FROM `users` AS `user` LIMIT 1;
2019-05-04 16:19:17,459 INFO 39671 [egg-sequelize](2ms) Executed (default): SELECT count(*) AS `count` FROM `lists` AS `list` WHERE `list`.`open_id` = 'otiAB5d9Fn3m_5abJ20EIU2FWat8';
2019-05-04 16:19:17,460 INFO 39671 [egg-sequelize](1ms) Executed (default): SELECT `id`, `open_id`, `title`, `content`, `updated_at`, `created_at`, `done` FROM `lists` AS `list` WHERE `list`.`open_id` = 'otiAB5d9Fn3m_5abJ20EIU2FWat8';
2019-05-04 16:19:22,359 INFO 39671 [egg-sequelize](1ms) Executed (default): SELECT `id`, `name`, `age`, `created_at`, `updated_at`, `open_id`, `token` FROM `users` AS `user` LIMIT 1;
2019-05-04 16:19:22,364 INFO 39671 [egg-sequelize](1ms) Executed (default): UPDATE `users` SET `token`='eyJhbGciOiJIUzI1NiIsInR5cCI6IkpXVCJ9.eyJuaWNrTmFtZSI6IjXmmJ_mgZIiLCJnZW5kZXIiOjEsImxhbmd1YWdlIjoiemhfQ04iLCJjaXR5IjoiU2hlbnpoZW4iLCJwcm92aW5jZSI6Ikd1YW5nZG9uZyIsImNvdW50cnkiOiJDaGluYSIsImlhdCI6MTU1Njk1Nzk2MiwiZXhwIjoxNTU2OTY1MTYyfQ.XBMm5XysepVh5SqoLLFxRMDD5X0mC5ukc4SL1PohxYA',`updated_at`='2019-05-04 08:19:22' WHERE `id` = 1
2019-05-04 16:20:28,664 INFO 39671 [egg-sequelize](1ms) Executed (default): SELECT `id`, `name`, `age`, `created_at`, `updated_at`, `open_id`, `token` FROM `users` AS `user` LIMIT 1;
2019-05-04 16:20:28,670 INFO 39671 [egg-sequelize](3ms) Executed (default): UPDATE `users` SET `token`='eyJhbGciOiJIUzI1NiIsInR5cCI6IkpXVCJ9.eyJuaWNrTmFtZSI6IjXmmJ_mgZIiLCJnZW5kZXIiOjEsImxhbmd1YWdlIjoiemhfQ04iLCJjaXR5IjoiU2hlbnpoZW4iLCJwcm92aW5jZSI6Ikd1YW5nZG9uZyIsImNvdW50cnkiOiJDaGluYSIsImlhdCI6MTU1Njk1ODAyOCwiZXhwIjoxNTU2OTY1MjI4fQ.JiCy8W_tFJK662B89i8tlRQk2Jx2hfuXJMcQ4XuSelA',`updated_at`='2019-05-04 08:20:28' WHERE `id` = 1
2019-05-04 16:20:28,672 INFO 39671 [egg-sequelize](1ms) Executed (default): SELECT `id`, `name`, `age`, `created_at`, `updated_at`, `open_id`, `token` FROM `users` AS `user` LIMIT 1;
2019-05-04 16:20:28,721 INFO 39671 [egg-sequelize](1ms) Executed (default): SELECT `id`, `name`, `age`, `created_at`, `updated_at`, `open_id`, `token` FROM `users` AS `user` LIMIT 1;
2019-05-04 16:20:28,726 INFO 39671 [egg-sequelize](2ms) Executed (default): SELECT count(*) AS `count` FROM `lists` AS `list` WHERE `list`.`open_id` = 'otiAB5d9Fn3m_5abJ20EIU2FWat8';
2019-05-04 16:20:28,727 INFO 39671 [egg-sequelize](2ms) Executed (default): SELECT `id`, `open_id`, `title`, `content`, `updated_at`, `created_at`, `done` FROM `lists` AS `list` WHERE `list`.`open_id` = 'otiAB5d9Fn3m_5abJ20EIU2FWat8';
2019-05-04 16:20:28,731 INFO 39671 [egg-sequelize](1ms) Executed (default): SELECT `id`, `name`, `age`, `created_at`, `updated_at`, `open_id`, `token` FROM `users` AS `user` LIMIT 1;
2019-05-04 16:20:28,736 INFO 39671 [egg-sequelize](2ms) Executed (default): SELECT count(*) AS `count` FROM `lists` AS `list` WHERE `list`.`open_id` = 'otiAB5d9Fn3m_5abJ20EIU2FWat8';
2019-05-04 16:20:28,737 INFO 39671 [egg-sequelize](1ms) Executed (default): SELECT `id`, `open_id`, `title`, `content`, `updated_at`, `created_at`, `done` FROM `lists` AS `list` WHERE `list`.`open_id` = 'otiAB5d9Fn3m_5abJ20EIU2FWat8';
2019-05-04 16:20:52,052 INFO 39671 [egg-sequelize](0ms) Executed (default): SELECT `id`, `name`, `age`, `created_at`, `updated_at`, `open_id`, `token` FROM `users` AS `user` LIMIT 1;
2019-05-04 16:20:52,058 INFO 39671 [egg-sequelize](1ms) Executed (default): UPDATE `users` SET `token`='eyJhbGciOiJIUzI1NiIsInR5cCI6IkpXVCJ9.eyJuaWNrTmFtZSI6IjXmmJ_mgZIiLCJnZW5kZXIiOjEsImxhbmd1YWdlIjoiemhfQ04iLCJjaXR5IjoiU2hlbnpoZW4iLCJwcm92aW5jZSI6Ikd1YW5nZG9uZyIsImNvdW50cnkiOiJDaGluYSIsImlhdCI6MTU1Njk1ODA1MiwiZXhwIjoxNTU2OTY1MjUyfQ.A6PvA_ehX8QTwQi_u5Zix1DSdBK8q_QEtNcpf0gFY9Q',`updated_at`='2019-05-04 08:20:52' WHERE `id` = 1
2019-05-04 16:20:52,076 INFO 39671 [egg-sequelize](1ms) Executed (default): SELECT `id`, `name`, `age`, `created_at`, `updated_at`, `open_id`, `token` FROM `users` AS `user` LIMIT 1;
2019-05-04 16:20:52,098 INFO 39671 [egg-sequelize](1ms) Executed (default): SELECT `id`, `name`, `age`, `created_at`, `updated_at`, `open_id`, `token` FROM `users` AS `user` LIMIT 1;
2019-05-04 16:20:52,105 INFO 39671 [egg-sequelize](3ms) Executed (default): SELECT count(*) AS `count` FROM `lists` AS `list` WHERE `list`.`open_id` = 'otiAB5d9Fn3m_5abJ20EIU2FWat8';
2019-05-04 16:20:52,109 INFO 39671 [egg-sequelize](3ms) Executed (default): SELECT `id`, `open_id`, `title`, `content`, `updated_at`, `created_at`, `done` FROM `lists` AS `list` WHERE `list`.`open_id` = 'otiAB5d9Fn3m_5abJ20EIU2FWat8';
2019-05-04 16:20:52,134 INFO 39671 [egg-sequelize](0ms) Executed (default): SELECT `id`, `name`, `age`, `created_at`, `updated_at`, `open_id`, `token` FROM `users` AS `user` LIMIT 1;
2019-05-04 16:20:52,140 INFO 39671 [egg-sequelize](2ms) Executed (default): SELECT count(*) AS `count` FROM `lists` AS `list` WHERE `list`.`open_id` = 'otiAB5d9Fn3m_5abJ20EIU2FWat8';
2019-05-04 16:20:52,141 INFO 39671 [egg-sequelize](2ms) Executed (default): SELECT `id`, `open_id`, `title`, `content`, `updated_at`, `created_at`, `done` FROM `lists` AS `list` WHERE `list`.`open_id` = 'otiAB5d9Fn3m_5abJ20EIU2FWat8';
2019-05-04 16:20:56,684 INFO 39671 [egg-sequelize](1ms) Executed (default): SELECT `id`, `name`, `age`, `created_at`, `updated_at`, `open_id`, `token` FROM `users` AS `user` LIMIT 1;
2019-05-04 16:20:56,691 INFO 39671 [egg-sequelize](2ms) Executed (default): UPDATE `users` SET `token`='eyJhbGciOiJIUzI1NiIsInR5cCI6IkpXVCJ9.eyJuaWNrTmFtZSI6IjXmmJ_mgZIiLCJnZW5kZXIiOjEsImxhbmd1YWdlIjoiemhfQ04iLCJjaXR5IjoiU2hlbnpoZW4iLCJwcm92aW5jZSI6Ikd1YW5nZG9uZyIsImNvdW50cnkiOiJDaGluYSIsImlhdCI6MTU1Njk1ODA1NiwiZXhwIjoxNTU2OTY1MjU2fQ.QAOrRi5E1deF_hNgDjr6X2PmbWlXAW0FQ09vVXTIWwk',`updated_at`='2019-05-04 08:20:56' WHERE `id` = 1
2019-05-04 16:21:08,116 INFO 39671 [egg-sequelize](1ms) Executed (default): SELECT `id`, `name`, `age`, `created_at`, `updated_at`, `open_id`, `token` FROM `users` AS `user` LIMIT 1;
2019-05-04 16:21:08,122 INFO 39671 [egg-sequelize](1ms) Executed (default): UPDATE `users` SET `token`='eyJhbGciOiJIUzI1NiIsInR5cCI6IkpXVCJ9.eyJuaWNrTmFtZSI6IjXmmJ_mgZIiLCJnZW5kZXIiOjEsImxhbmd1YWdlIjoiemhfQ04iLCJjaXR5IjoiU2hlbnpoZW4iLCJwcm92aW5jZSI6Ikd1YW5nZG9uZyIsImNvdW50cnkiOiJDaGluYSIsImlhdCI6MTU1Njk1ODA2OCwiZXhwIjoxNTU2OTY1MjY4fQ.-r7hpA2E-z9_AIhKdIB_4tYgSS4dtiMvekcKCAZLl5I',`updated_at`='2019-05-04 08:21:08' WHERE `id` = 1
2019-05-04 16:21:08,156 INFO 39671 [egg-sequelize](1ms) Executed (default): SELECT `id`, `name`, `age`, `created_at`, `updated_at`, `open_id`, `token` FROM `users` AS `user` LIMIT 1;
2019-05-04 16:21:08,159 INFO 39671 [egg-sequelize](1ms) Executed (default): SELECT count(*) AS `count` FROM `lists` AS `list` WHERE `list`.`open_id` = 'otiAB5d9Fn3m_5abJ20EIU2FWat8';
2019-05-04 16:21:08,159 INFO 39671 [egg-sequelize](1ms) Executed (default): SELECT `id`, `open_id`, `title`, `content`, `updated_at`, `created_at`, `done` FROM `lists` AS `list` WHERE `list`.`open_id` = 'otiAB5d9Fn3m_5abJ20EIU2FWat8';
2019-05-05 21:13:26,405 INFO 47917 [egg-sequelize](1ms) Executed (default): SELECT 1+1 AS result
2019-05-05 21:14:24,829 INFO 47917 [egg-sequelize](11ms) Executed (default): SELECT `id`, `name`, `age`, `created_at`, `updated_at`, `open_id`, `token` FROM `users` AS `user` LIMIT 1;
2019-05-05 21:14:24,883 INFO 47917 [egg-sequelize](2ms) Executed (default): SELECT `id`, `name`, `age`, `created_at`, `updated_at`, `open_id`, `token` FROM `users` AS `user` LIMIT 1;
2019-05-05 21:14:24,888 INFO 47917 [egg-sequelize](41ms) Executed (default): UPDATE `users` SET `token`='eyJhbGciOiJIUzI1NiIsInR5cCI6IkpXVCJ9.eyJuaWNrTmFtZSI6IjXmmJ_mgZIiLCJnZW5kZXIiOjEsImxhbmd1YWdlIjoiemhfQ04iLCJjaXR5IjoiU2hlbnpoZW4iLCJwcm92aW5jZSI6Ikd1YW5nZG9uZyIsImNvdW50cnkiOiJDaGluYSIsImlhdCI6MTU1NzA2MjA2NCwiZXhwIjoxNTU3MDY5MjY0fQ.QKx21XfHRmbDeBhnIVB4TyavP7Fp1Izs0rllbfMUvLw',`updated_at`='2019-05-05 13:14:24' WHERE `id` = 1
2019-05-05 21:14:24,891 INFO 47917 [egg-sequelize](2ms) Executed (default): SELECT `id`, `open_id`, `title`, `content`, `updated_at`, `created_at`, `done` FROM `lists` AS `list` WHERE `list`.`open_id` = 'otiAB5d9Fn3m_5abJ20EIU2FWat8';
2019-05-05 21:14:24,894 INFO 47917 [egg-sequelize](7ms) Executed (default): SELECT count(*) AS `count` FROM `lists` AS `list` WHERE `list`.`open_id` = 'otiAB5d9Fn3m_5abJ20EIU2FWat8';
2019-05-05 21:14:25,192 INFO 47917 [egg-sequelize](1ms) Executed (default): SELECT `id`, `name`, `age`, `created_at`, `updated_at`, `open_id`, `token` FROM `users` AS `user` LIMIT 1;
2019-05-05 21:14:25,203 INFO 47917 [egg-sequelize](6ms) Executed (default): UPDATE `users` SET `token`='eyJhbGciOiJIUzI1NiIsInR5cCI6IkpXVCJ9.eyJuaWNrTmFtZSI6IjXmmJ_mgZIiLCJnZW5kZXIiOjEsImxhbmd1YWdlIjoiemhfQ04iLCJjaXR5IjoiU2hlbnpoZW4iLCJwcm92aW5jZSI6Ikd1YW5nZG9uZyIsImNvdW50cnkiOiJDaGluYSIsImlhdCI6MTU1NzA2MjA2NSwiZXhwIjoxNTU3MDY5MjY1fQ.eizk9b6VBbiDtIdFKOvIRdr9cvWZrrUdGE9xPGGyg5g',`updated_at`='2019-05-05 13:14:25' WHERE `id` = 1
2019-05-05 21:14:25,243 INFO 47917 [egg-sequelize](9ms) Executed (default): SELECT `id`, `name`, `age`, `created_at`, `updated_at`, `open_id`, `token` FROM `users` AS `user` LIMIT 1;
2019-05-05 21:14:25,247 INFO 47917 [egg-sequelize](1ms) Executed (default): SELECT count(*) AS `count` FROM `lists` AS `list` WHERE `list`.`open_id` = 'otiAB5d9Fn3m_5abJ20EIU2FWat8';
2019-05-05 21:14:25,247 INFO 47917 [egg-sequelize](1ms) Executed (default): SELECT `id`, `open_id`, `title`, `content`, `updated_at`, `created_at`, `done` FROM `lists` AS `list` WHERE `list`.`open_id` = 'otiAB5d9Fn3m_5abJ20EIU2FWat8';
2019-05-05 21:15:27,967 INFO 47917 [egg-sequelize](1ms) Executed (default): SELECT `id`, `name`, `age`, `created_at`, `updated_at`, `open_id`, `token` FROM `users` AS `user` LIMIT 1;
2019-05-05 21:15:27,973 INFO 47917 [egg-sequelize](3ms) Executed (default): UPDATE `users` SET `token`='eyJhbGciOiJIUzI1NiIsInR5cCI6IkpXVCJ9.eyJuaWNrTmFtZSI6IjXmmJ_mgZIiLCJnZW5kZXIiOjEsImxhbmd1YWdlIjoiemhfQ04iLCJjaXR5IjoiU2hlbnpoZW4iLCJwcm92aW5jZSI6Ikd1YW5nZG9uZyIsImNvdW50cnkiOiJDaGluYSIsImlhdCI6MTU1NzA2MjEyNywiZXhwIjoxNTU3MDY5MzI3fQ.4KX3JBtPQlJ4uHMWNK9hEsKnwjmNQshs4IugGFxYATw',`updated_at`='2019-05-05 13:15:27' WHERE `id` = 1
2019-05-05 21:21:09,321 INFO 47917 [egg-sequelize](4ms) Executed (default): SELECT `id`, `name`, `age`, `created_at`, `updated_at`, `open_id`, `token` FROM `users` AS `user` LIMIT 1;
2019-05-05 21:21:09,330 INFO 47917 [egg-sequelize](5ms) Executed (default): UPDATE `users` SET `token`='eyJhbGciOiJIUzI1NiIsInR5cCI6IkpXVCJ9.eyJuaWNrTmFtZSI6IjXmmJ_mgZIiLCJnZW5kZXIiOjEsImxhbmd1YWdlIjoiemhfQ04iLCJjaXR5IjoiU2hlbnpoZW4iLCJwcm92aW5jZSI6Ikd1YW5nZG9uZyIsImNvdW50cnkiOiJDaGluYSIsImlhdCI6MTU1NzA2MjQ2OSwiZXhwIjoxNTU3MDY5NjY5fQ.cvmOnITQrKtNDKo0usCGAPCwEQY33u_3roWay0MwYyY',`updated_at`='2019-05-05 13:21:09' WHERE `id` = 1
2019-05-05 21:21:58,442 INFO 47917 [egg-sequelize](2ms) Executed (default): SELECT `id`, `name`, `age`, `created_at`, `updated_at`, `open_id`, `token` FROM `users` AS `user` LIMIT 1;
2019-05-05 21:21:58,450 INFO 47917 [egg-sequelize](4ms) Executed (default): UPDATE `users` SET `token`='eyJhbGciOiJIUzI1NiIsInR5cCI6IkpXVCJ9.eyJuaWNrTmFtZSI6IjXmmJ_mgZIiLCJnZW5kZXIiOjEsImxhbmd1YWdlIjoiemhfQ04iLCJjaXR5IjoiU2hlbnpoZW4iLCJwcm92aW5jZSI6Ikd1YW5nZG9uZyIsImNvdW50cnkiOiJDaGluYSIsImlhdCI6MTU1NzA2MjUxOCwiZXhwIjoxNTU3MDY5NzE4fQ.YYV7HwA6mm86K-byMM4NFhtLV4F0cNDw6gqDmxfDoWk',`updated_at`='2019-05-05 13:21:58' WHERE `id` = 1
2019-05-05 21:22:29,517 INFO 47917 [egg-sequelize](1ms) Executed (default): SELECT `id`, `name`, `age`, `created_at`, `updated_at`, `open_id`, `token` FROM `users` AS `user` LIMIT 1;
2019-05-05 21:22:29,524 INFO 47917 [egg-sequelize](3ms) Executed (default): UPDATE `users` SET `token`='eyJhbGciOiJIUzI1NiIsInR5cCI6IkpXVCJ9.eyJuaWNrTmFtZSI6IjXmmJ_mgZIiLCJnZW5kZXIiOjEsImxhbmd1YWdlIjoiemhfQ04iLCJjaXR5IjoiU2hlbnpoZW4iLCJwcm92aW5jZSI6Ikd1YW5nZG9uZyIsImNvdW50cnkiOiJDaGluYSIsImlhdCI6MTU1NzA2MjU0OSwiZXhwIjoxNTU3MDY5NzQ5fQ.xFUchfQo4L8-lNyvv2c4UQ7NTe763ShhDOjYaEPsihQ',`updated_at`='2019-05-05 13:22:29' WHERE `id` = 1
2019-05-05 21:29:15,953 INFO 47917 [egg-sequelize](6ms) Executed (default): SELECT `id`, `name`, `age`, `created_at`, `updated_at`, `open_id`, `token` FROM `users` AS `user` LIMIT 1;
2019-05-05 21:29:15,956 INFO 47917 [egg-sequelize](2ms) Executed (default): SELECT `id`, `name`, `age`, `created_at`, `updated_at`, `open_id`, `token` FROM `users` AS `user` LIMIT 1;
2019-05-05 21:29:15,965 INFO 47917 [egg-sequelize](7ms) Executed (default): UPDATE `users` SET `token`='eyJhbGciOiJIUzI1NiIsInR5cCI6IkpXVCJ9.eyJuaWNrTmFtZSI6IjXmmJ_mgZIiLCJnZW5kZXIiOjEsImxhbmd1YWdlIjoiemhfQ04iLCJjaXR5IjoiU2hlbnpoZW4iLCJwcm92aW5jZSI6Ikd1YW5nZG9uZyIsImNvdW50cnkiOiJDaGluYSIsImlhdCI6MTU1NzA2Mjk1NSwiZXhwIjoxNTU3MDcwMTU1fQ.A2kB8_pWTQldkiBxQpAcpEM89wlbuLFqlX0KVFHTyPA',`updated_at`='2019-05-05 13:29:15' WHERE `id` = 1
2019-05-05 21:29:15,966 INFO 47917 [egg-sequelize](3ms) Executed (default): UPDATE `users` SET `token`='eyJhbGciOiJIUzI1NiIsInR5cCI6IkpXVCJ9.eyJuaWNrTmFtZSI6IjXmmJ_mgZIiLCJnZW5kZXIiOjEsImxhbmd1YWdlIjoiemhfQ04iLCJjaXR5IjoiU2hlbnpoZW4iLCJwcm92aW5jZSI6Ikd1YW5nZG9uZyIsImNvdW50cnkiOiJDaGluYSIsImlhdCI6MTU1NzA2Mjk1NSwiZXhwIjoxNTU3MDcwMTU1fQ.A2kB8_pWTQldkiBxQpAcpEM89wlbuLFqlX0KVFHTyPA',`updated_at`='2019-05-05 13:29:15' WHERE `id` = 1
2019-05-05 21:29:15,981 INFO 47917 [egg-sequelize](0ms) Executed (default): SELECT `id`, `name`, `age`, `created_at`, `updated_at`, `open_id`, `token` FROM `users` AS `user` LIMIT 1;
2019-05-05 21:29:16,203 INFO 47917 [egg-sequelize](1ms) Executed (default): SELECT `id`, `name`, `age`, `created_at`, `updated_at`, `open_id`, `token` FROM `users` AS `user` LIMIT 1;
2019-05-05 21:29:16,210 INFO 47917 [egg-sequelize](3ms) Executed (default): UPDATE `users` SET `token`='eyJhbGciOiJIUzI1NiIsInR5cCI6IkpXVCJ9.eyJuaWNrTmFtZSI6IjXmmJ_mgZIiLCJnZW5kZXIiOjEsImxhbmd1YWdlIjoiemhfQ04iLCJjaXR5IjoiU2hlbnpoZW4iLCJwcm92aW5jZSI6Ikd1YW5nZG9uZyIsImNvdW50cnkiOiJDaGluYSIsImlhdCI6MTU1NzA2Mjk1NiwiZXhwIjoxNTU3MDcwMTU2fQ.K0-FqI2jQPF1vzXgUDTZyjC3nZjN0dJtQ8MwuOpfa2M',`updated_at`='2019-05-05 13:29:16' WHERE `id` = 1
2019-05-05 21:29:18,784 INFO 47917 [egg-sequelize](1ms) Executed (default): SELECT `id`, `name`, `age`, `created_at`, `updated_at`, `open_id`, `token` FROM `users` AS `user` LIMIT 1;
2019-05-05 21:29:18,787 INFO 47917 [egg-sequelize](1ms) Executed (default): SELECT count(*) AS `count` FROM `lists` AS `list` WHERE `list`.`open_id` = 'otiAB5d9Fn3m_5abJ20EIU2FWat8';
2019-05-05 21:29:18,788 INFO 47917 [egg-sequelize](1ms) Executed (default): SELECT `id`, `open_id`, `title`, `content`, `updated_at`, `created_at`, `done` FROM `lists` AS `list` WHERE `list`.`open_id` = 'otiAB5d9Fn3m_5abJ20EIU2FWat8';
2019-05-05 21:29:21,780 INFO 47917 [egg-sequelize](1ms) Executed (default): SELECT `id`, `name`, `age`, `created_at`, `updated_at`, `open_id`, `token` FROM `users` AS `user` LIMIT 1;
2019-05-05 21:29:21,783 INFO 47917 [egg-sequelize](1ms) Executed (default): SELECT count(*) AS `count` FROM `lists` AS `list` WHERE `list`.`open_id` = 'otiAB5d9Fn3m_5abJ20EIU2FWat8';
2019-05-05 21:29:21,784 INFO 47917 [egg-sequelize](1ms) Executed (default): SELECT `id`, `open_id`, `title`, `content`, `updated_at`, `created_at`, `done` FROM `lists` AS `list` WHERE `list`.`open_id` = 'otiAB5d9Fn3m_5abJ20EIU2FWat8';
2019-05-05 21:29:23,320 INFO 47917 [egg-sequelize](1ms) Executed (default): SELECT `id`, `name`, `age`, `created_at`, `updated_at`, `open_id`, `token` FROM `users` AS `user` LIMIT 1;
2019-05-05 21:29:23,324 INFO 47917 [egg-sequelize](1ms) Executed (default): SELECT count(*) AS `count` FROM `lists` AS `list` WHERE `list`.`open_id` = 'otiAB5d9Fn3m_5abJ20EIU2FWat8';
2019-05-05 21:29:23,325 INFO 47917 [egg-sequelize](1ms) Executed (default): SELECT `id`, `open_id`, `title`, `content`, `updated_at`, `created_at`, `done` FROM `lists` AS `list` WHERE `list`.`open_id` = 'otiAB5d9Fn3m_5abJ20EIU2FWat8';
2019-05-05 21:29:31,794 INFO 47917 [egg-sequelize](0ms) Executed (default): SELECT `id`, `name`, `age`, `created_at`, `updated_at`, `open_id`, `token` FROM `users` AS `user` LIMIT 1;
2019-05-05 21:29:31,802 INFO 47917 [egg-sequelize](4ms) Executed (default): UPDATE `users` SET `token`='eyJhbGciOiJIUzI1NiIsInR5cCI6IkpXVCJ9.eyJuaWNrTmFtZSI6IjXmmJ_mgZIiLCJnZW5kZXIiOjEsImxhbmd1YWdlIjoiemhfQ04iLCJjaXR5IjoiU2hlbnpoZW4iLCJwcm92aW5jZSI6Ikd1YW5nZG9uZyIsImNvdW50cnkiOiJDaGluYSIsImlhdCI6MTU1NzA2Mjk3MSwiZXhwIjoxNTU3MDcwMTcxfQ.xw52ADEDO0Yg1Yj8nxKdqY5zY8R1i-8-5GFGy19MYTA',`updated_at`='2019-05-05 13:29:31' WHERE `id` = 1
2019-05-05 21:29:33,619 INFO 47917 [egg-sequelize](1ms) Executed (default): SELECT `id`, `name`, `age`, `created_at`, `updated_at`, `open_id`, `token` FROM `users` AS `user` LIMIT 1;
2019-05-05 21:29:33,623 INFO 47917 [egg-sequelize](1ms) Executed (default): SELECT count(*) AS `count` FROM `lists` AS `list` WHERE `list`.`open_id` = 'otiAB5d9Fn3m_5abJ20EIU2FWat8';
2019-05-05 21:29:33,624 INFO 47917 [egg-sequelize](2ms) Executed (default): SELECT `id`, `open_id`, `title`, `content`, `updated_at`, `created_at`, `done` FROM `lists` AS `list` WHERE `list`.`open_id` = 'otiAB5d9Fn3m_5abJ20EIU2FWat8';
2019-05-05 21:30:32,543 INFO 47917 [egg-sequelize](2ms) Executed (default): SELECT `id`, `name`, `age`, `created_at`, `updated_at`, `open_id`, `token` FROM `users` AS `user` LIMIT 1;
2019-05-05 21:30:32,554 INFO 47917 [egg-sequelize](6ms) Executed (default): INSERT INTO `lists` (`id`,`open_id`,`title`,`content`,`updated_at`,`created_at`,`done`) VALUES (91,'otiAB5d9Fn3m_5abJ20EIU2FWat8','zzzz1112222dfgsdfg',NULL,'2019-04-21 10:33:20','2019-04-21 10:33:20',true),(96,'otiAB5d9Fn3m_5abJ20EIU2FWat8','cccc11112222',NULL,'2019-04-21 10:34:48','2019-04-21 10:34:48',true),(112,'otiAB5d9Fn3m_5abJ20EIU2FWat8','222233333',NULL,'2019-04-21 13:35:59','2019-04-21 13:35:59',true),(113,'otiAB5d9Fn3m_5abJ20EIU2FWat8','11111112222',NULL,'2019-04-21 13:38:13','2019-04-21 13:38:13',false),(114,'otiAB5d9Fn3m_5abJ20EIU2FWat8','333111',NULL,'2019-04-23 14:27:22','2019-04-23 14:27:22',false),(115,'otiAB5d9Fn3m_5abJ20EIU2FWat8','had可视化',NULL,'2019-04-28 11:25:09','2019-04-28 11:25:09',false) ON DUPLICATE KEY UPDATE `title`=VALUES(`title`),`updated_at`=VALUES(`updated_at`),`done`=VALUES(`done`);
2019-05-05 21:30:32,576 INFO 47917 [egg-sequelize](0ms) Executed (default): SELECT `id`, `name`, `age`, `created_at`, `updated_at`, `open_id`, `token` FROM `users` AS `user` LIMIT 1;
2019-05-05 21:30:32,579 INFO 47917 [egg-sequelize](1ms) Executed (default): SELECT count(*) AS `count` FROM `lists` AS `list` WHERE `list`.`open_id` = 'otiAB5d9Fn3m_5abJ20EIU2FWat8';
2019-05-05 21:30:32,581 INFO 47917 [egg-sequelize](1ms) Executed (default): SELECT `id`, `open_id`, `title`, `content`, `updated_at`, `created_at`, `done` FROM `lists` AS `list` WHERE `list`.`open_id` = 'otiAB5d9Fn3m_5abJ20EIU2FWat8';
2019-05-05 21:33:08,772 INFO 47917 [egg-sequelize](5ms) Executed (default): SELECT `id`, `name`, `age`, `created_at`, `updated_at`, `open_id`, `token` FROM `users` AS `user` LIMIT 1;
2019-05-05 21:33:08,778 INFO 47917 [egg-sequelize](2ms) Executed (default): UPDATE `users` SET `token`='eyJhbGciOiJIUzI1NiIsInR5cCI6IkpXVCJ9.eyJuaWNrTmFtZSI6IjXmmJ_mgZIiLCJnZW5kZXIiOjEsImxhbmd1YWdlIjoiemhfQ04iLCJjaXR5IjoiU2hlbnpoZW4iLCJwcm92aW5jZSI6Ikd1YW5nZG9uZyIsImNvdW50cnkiOiJDaGluYSIsImlhdCI6MTU1NzA2MzE4OCwiZXhwIjoxNTU3MDcwMzg4fQ.QqC6J46qMwM2qCmcR6urbThWm4fLjKr2YdnhV4iV0W4',`updated_at`='2019-05-05 13:33:08' WHERE `id` = 1
2019-05-05 21:33:10,022 INFO 47917 [egg-sequelize](2ms) Executed (default): SELECT `id`, `name`, `age`, `created_at`, `updated_at`, `open_id`, `token` FROM `users` AS `user` LIMIT 1;
2019-05-05 21:33:10,028 INFO 47917 [egg-sequelize](1ms) Executed (default): UPDATE `users` SET `token`='eyJhbGciOiJIUzI1NiIsInR5cCI6IkpXVCJ9.eyJuaWNrTmFtZSI6IjXmmJ_mgZIiLCJnZW5kZXIiOjEsImxhbmd1YWdlIjoiemhfQ04iLCJjaXR5IjoiU2hlbnpoZW4iLCJwcm92aW5jZSI6Ikd1YW5nZG9uZyIsImNvdW50cnkiOiJDaGluYSIsImlhdCI6MTU1NzA2MzE5MCwiZXhwIjoxNTU3MDcwMzkwfQ.BHT0nDKJA9HJR82I6UR97BadcCO1Vyo1O4zfNBXBHwI',`updated_at`='2019-05-05 13:33:10' WHERE `id` = 1
2019-05-05 21:33:14,105 INFO 47917 [egg-sequelize](0ms) Executed (default): SELECT `id`, `name`, `age`, `created_at`, `updated_at`, `open_id`, `token` FROM `users` AS `user` LIMIT 1;
2019-05-05 21:33:14,110 INFO 47917 [egg-sequelize](1ms) Executed (default): UPDATE `users` SET `token`='eyJhbGciOiJIUzI1NiIsInR5cCI6IkpXVCJ9.eyJuaWNrTmFtZSI6IjXmmJ_mgZIiLCJnZW5kZXIiOjEsImxhbmd1YWdlIjoiemhfQ04iLCJjaXR5IjoiU2hlbnpoZW4iLCJwcm92aW5jZSI6Ikd1YW5nZG9uZyIsImNvdW50cnkiOiJDaGluYSIsImlhdCI6MTU1NzA2MzE5NCwiZXhwIjoxNTU3MDcwMzk0fQ.8PWVkrOBYoZpwVe0tGy4dhYaoYGquadL7we16R6ZzKc',`updated_at`='2019-05-05 13:33:14' WHERE `id` = 1
2019-05-05 21:33:15,974 INFO 47917 [egg-sequelize](1ms) Executed (default): SELECT `id`, `name`, `age`, `created_at`, `updated_at`, `open_id`, `token` FROM `users` AS `user` LIMIT 1;
2019-05-05 21:33:15,989 INFO 47917 [egg-sequelize](10ms) Executed (default): UPDATE `users` SET `token`='eyJhbGciOiJIUzI1NiIsInR5cCI6IkpXVCJ9.eyJuaWNrTmFtZSI6IjXmmJ_mgZIiLCJnZW5kZXIiOjEsImxhbmd1YWdlIjoiemhfQ04iLCJjaXR5IjoiU2hlbnpoZW4iLCJwcm92aW5jZSI6Ikd1YW5nZG9uZyIsImNvdW50cnkiOiJDaGluYSIsImlhdCI6MTU1NzA2MzE5NSwiZXhwIjoxNTU3MDcwMzk1fQ.gCfD7AYINSGAtR-JRwUz5JOTB2bGXS8CUclp20wiqSQ',`updated_at`='2019-05-05 13:33:15' WHERE `id` = 1
2019-05-05 21:33:17,023 INFO 47917 [egg-sequelize](0ms) Executed (default): SELECT `id`, `name`, `age`, `created_at`, `updated_at`, `open_id`, `token` FROM `users` AS `user` LIMIT 1;
2019-05-05 21:33:17,031 INFO 47917 [egg-sequelize](3ms) Executed (default): UPDATE `users` SET `token`='eyJhbGciOiJIUzI1NiIsInR5cCI6IkpXVCJ9.eyJuaWNrTmFtZSI6IjXmmJ_mgZIiLCJnZW5kZXIiOjEsImxhbmd1YWdlIjoiemhfQ04iLCJjaXR5IjoiU2hlbnpoZW4iLCJwcm92aW5jZSI6Ikd1YW5nZG9uZyIsImNvdW50cnkiOiJDaGluYSIsImlhdCI6MTU1NzA2MzE5NywiZXhwIjoxNTU3MDcwMzk3fQ.0DpptvDsTqFtuxF8EGS3XBNx2wRvkCYkWGXAvSHyzac',`updated_at`='2019-05-05 13:33:17' WHERE `id` = 1
2019-05-05 21:33:18,837 INFO 47917 [egg-sequelize](2ms) Executed (default): SELECT `id`, `name`, `age`, `created_at`, `updated_at`, `open_id`, `token` FROM `users` AS `user` LIMIT 1;
2019-05-05 21:33:18,841 INFO 47917 [egg-sequelize](2ms) Executed (default): SELECT count(*) AS `count` FROM `lists` AS `list` WHERE `list`.`open_id` = 'otiAB5d9Fn3m_5abJ20EIU2FWat8';
2019-05-05 21:33:18,843 INFO 47917 [egg-sequelize](2ms) Executed (default): SELECT `id`, `open_id`, `title`, `content`, `updated_at`, `created_at`, `done` FROM `lists` AS `list` WHERE `list`.`open_id` = 'otiAB5d9Fn3m_5abJ20EIU2FWat8';
2019-05-05 21:33:22,393 INFO 47917 [egg-sequelize](1ms) Executed (default): SELECT `id`, `name`, `age`, `created_at`, `updated_at`, `open_id`, `token` FROM `users` AS `user` LIMIT 1;
2019-05-05 21:33:22,399 INFO 47917 [egg-sequelize](3ms) Executed (default): INSERT INTO `lists` (`id`,`open_id`,`title`,`content`,`updated_at`,`created_at`,`done`) VALUES (114,'otiAB5d9Fn3m_5abJ20EIU2FWat8','333111',NULL,'2019-04-23 14:27:22','2019-04-23 14:27:22',true) ON DUPLICATE KEY UPDATE `title`=VALUES(`title`),`updated_at`=VALUES(`updated_at`),`done`=VALUES(`done`);
2019-05-05 21:33:27,715 INFO 47917 [egg-sequelize](1ms) Executed (default): SELECT `id`, `name`, `age`, `created_at`, `updated_at`, `open_id`, `token` FROM `users` AS `user` LIMIT 1;
2019-05-05 21:33:27,718 INFO 47917 [egg-sequelize](1ms) Executed (default): INSERT INTO `lists` (`id`,`open_id`,`title`,`content`,`updated_at`,`created_at`,`done`) VALUES (113,'otiAB5d9Fn3m_5abJ20EIU2FWat8','11111112222',NULL,'2019-04-21 13:38:13','2019-04-21 13:38:13',true) ON DUPLICATE KEY UPDATE `title`=VALUES(`title`),`updated_at`=VALUES(`updated_at`),`done`=VALUES(`done`);
2019-05-05 21:34:34,712 INFO 47917 [egg-sequelize](3ms) Executed (default): SELECT `id`, `name`, `age`, `created_at`, `updated_at`, `open_id`, `token` FROM `users` AS `user` LIMIT 1;
2019-05-05 21:34:34,718 INFO 47917 [egg-sequelize](2ms) Executed (default): UPDATE `users` SET `token`='eyJhbGciOiJIUzI1NiIsInR5cCI6IkpXVCJ9.eyJuaWNrTmFtZSI6IjXmmJ_mgZIiLCJnZW5kZXIiOjEsImxhbmd1YWdlIjoiemhfQ04iLCJjaXR5IjoiU2hlbnpoZW4iLCJwcm92aW5jZSI6Ikd1YW5nZG9uZyIsImNvdW50cnkiOiJDaGluYSIsImlhdCI6MTU1NzA2MzI3NCwiZXhwIjoxNTU3MDcwNDc0fQ.J3kQBeMXPlymPGwUdIntc7Dbz11XiVJXbebhDCVvAxc',`updated_at`='2019-05-05 13:34:34' WHERE `id` = 1
2019-05-05 21:35:14,964 INFO 47917 [egg-sequelize](0ms) Executed (default): SELECT `id`, `name`, `age`, `created_at`, `updated_at`, `open_id`, `token` FROM `users` AS `user` LIMIT 1;
2019-05-05 21:35:14,971 INFO 47917 [egg-sequelize](2ms) Executed (default): UPDATE `users` SET `token`='eyJhbGciOiJIUzI1NiIsInR5cCI6IkpXVCJ9.eyJuaWNrTmFtZSI6IjXmmJ_mgZIiLCJnZW5kZXIiOjEsImxhbmd1YWdlIjoiemhfQ04iLCJjaXR5IjoiU2hlbnpoZW4iLCJwcm92aW5jZSI6Ikd1YW5nZG9uZyIsImNvdW50cnkiOiJDaGluYSIsImlhdCI6MTU1NzA2MzMxNCwiZXhwIjoxNTU3MDcwNTE0fQ.8nWx5Kx-gFTFNZaM01LAA_CdY7-W3vl0yiJOi3NiWOA',`updated_at`='2019-05-05 13:35:14' WHERE `id` = 1
2019-05-05 21:35:15,009 INFO 47917 [egg-sequelize](1ms) Executed (default): SELECT `id`, `name`, `age`, `created_at`, `updated_at`, `open_id`, `token` FROM `users` AS `user` LIMIT 1;
2019-05-05 21:35:15,013 INFO 47917 [egg-sequelize](1ms) Executed (default): SELECT count(*) AS `count` FROM `lists` AS `list` WHERE `list`.`open_id` = 'otiAB5d9Fn3m_5abJ20EIU2FWat8';
2019-05-05 21:35:15,015 INFO 47917 [egg-sequelize](1ms) Executed (default): SELECT `id`, `open_id`, `title`, `content`, `updated_at`, `created_at`, `done` FROM `lists` AS `list` WHERE `list`.`open_id` = 'otiAB5d9Fn3m_5abJ20EIU2FWat8';
2019-05-05 21:35:24,175 INFO 47917 [egg-sequelize](1ms) Executed (default): SELECT `id`, `name`, `age`, `created_at`, `updated_at`, `open_id`, `token` FROM `users` AS `user` LIMIT 1;
2019-05-05 21:35:24,182 INFO 47917 [egg-sequelize](3ms) Executed (default): UPDATE `users` SET `token`='eyJhbGciOiJIUzI1NiIsInR5cCI6IkpXVCJ9.eyJuaWNrTmFtZSI6IjXmmJ_mgZIiLCJnZW5kZXIiOjEsImxhbmd1YWdlIjoiemhfQ04iLCJjaXR5IjoiU2hlbnpoZW4iLCJwcm92aW5jZSI6Ikd1YW5nZG9uZyIsImNvdW50cnkiOiJDaGluYSIsImlhdCI6MTU1NzA2MzMyNCwiZXhwIjoxNTU3MDcwNTI0fQ.nU97QEUjpRAlLrxUN3NwEBkWN1tI8Vy5dHJWmPqIc90',`updated_at`='2019-05-05 13:35:24' WHERE `id` = 1
2019-05-05 21:35:24,228 INFO 47917 [egg-sequelize](12ms) Executed (default): SELECT `id`, `name`, `age`, `created_at`, `updated_at`, `open_id`, `token` FROM `users` AS `user` LIMIT 1;
2019-05-05 21:35:24,232 INFO 47917 [egg-sequelize](1ms) Executed (default): SELECT count(*) AS `count` FROM `lists` AS `list` WHERE `list`.`open_id` = 'otiAB5d9Fn3m_5abJ20EIU2FWat8';
2019-05-05 21:35:24,234 INFO 47917 [egg-sequelize](2ms) Executed (default): SELECT `id`, `open_id`, `title`, `content`, `updated_at`, `created_at`, `done` FROM `lists` AS `list` WHERE `list`.`open_id` = 'otiAB5d9Fn3m_5abJ20EIU2FWat8';
2019-05-05 21:35:33,435 INFO 47917 [egg-sequelize](0ms) Executed (default): SELECT `id`, `name`, `age`, `created_at`, `updated_at`, `open_id`, `token` FROM `users` AS `user` LIMIT 1;
2019-05-05 21:35:33,442 INFO 47917 [egg-sequelize](2ms) Executed (default): UPDATE `users` SET `token`='eyJhbGciOiJIUzI1NiIsInR5cCI6IkpXVCJ9.eyJuaWNrTmFtZSI6IjXmmJ_mgZIiLCJnZW5kZXIiOjEsImxhbmd1YWdlIjoiemhfQ04iLCJjaXR5IjoiU2hlbnpoZW4iLCJwcm92aW5jZSI6Ikd1YW5nZG9uZyIsImNvdW50cnkiOiJDaGluYSIsImlhdCI6MTU1NzA2MzMzMywiZXhwIjoxNTU3MDcwNTMzfQ.x-NYHZs90lOiKOGK34pi5VnjNDaTq9SSrQNTxexLMq4',`updated_at`='2019-05-05 13:35:33' WHERE `id` = 1
2019-05-05 21:35:33,476 INFO 47917 [egg-sequelize](1ms) Executed (default): SELECT `id`, `name`, `age`, `created_at`, `updated_at`, `open_id`, `token` FROM `users` AS `user` LIMIT 1;
2019-05-05 21:35:33,479 INFO 47917 [egg-sequelize](1ms) Executed (default): SELECT count(*) AS `count` FROM `lists` AS `list` WHERE `list`.`open_id` = 'otiAB5d9Fn3m_5abJ20EIU2FWat8';
2019-05-05 21:35:33,481 INFO 47917 [egg-sequelize](2ms) Executed (default): SELECT `id`, `open_id`, `title`, `content`, `updated_at`, `created_at`, `done` FROM `lists` AS `list` WHERE `list`.`open_id` = 'otiAB5d9Fn3m_5abJ20EIU2FWat8';
2019-05-05 21:37:09,210 INFO 47917 [egg-sequelize](0ms) Executed (default): SELECT `id`, `name`, `age`, `created_at`, `updated_at`, `open_id`, `token` FROM `users` AS `user` LIMIT 1;
2019-05-05 21:37:09,218 INFO 47917 [egg-sequelize](2ms) Executed (default): SELECT `id`, `name`, `age`, `created_at`, `updated_at`, `open_id`, `token` FROM `users` AS `user` LIMIT 1;
2019-05-05 21:37:09,224 INFO 47917 [egg-sequelize](4ms) Executed (default): UPDATE `users` SET `token`='eyJhbGciOiJIUzI1NiIsInR5cCI6IkpXVCJ9.eyJuaWNrTmFtZSI6IjXmmJ_mgZIiLCJnZW5kZXIiOjEsImxhbmd1YWdlIjoiemhfQ04iLCJjaXR5IjoiU2hlbnpoZW4iLCJwcm92aW5jZSI6Ikd1YW5nZG9uZyIsImNvdW50cnkiOiJDaGluYSIsImlhdCI6MTU1NzA2MzQyOSwiZXhwIjoxNTU3MDcwNjI5fQ.3W-lyokPQHjAaMRlafa6-W6DJuarAsU1HapnIRKNk4k',`updated_at`='2019-05-05 13:37:09' WHERE `id` = 1
2019-05-05 21:37:09,226 INFO 47917 [egg-sequelize](1ms) Executed (default): UPDATE `users` SET `token`='eyJhbGciOiJIUzI1NiIsInR5cCI6IkpXVCJ9.eyJuaWNrTmFtZSI6IjXmmJ_mgZIiLCJnZW5kZXIiOjEsImxhbmd1YWdlIjoiemhfQ04iLCJjaXR5IjoiU2hlbnpoZW4iLCJwcm92aW5jZSI6Ikd1YW5nZG9uZyIsImNvdW50cnkiOiJDaGluYSIsImlhdCI6MTU1NzA2MzQyOSwiZXhwIjoxNTU3MDcwNjI5fQ.3W-lyokPQHjAaMRlafa6-W6DJuarAsU1HapnIRKNk4k',`updated_at`='2019-05-05 13:37:09' WHERE `id` = 1
2019-05-05 21:37:09,275 INFO 47917 [egg-sequelize](0ms) Executed (default): SELECT `id`, `name`, `age`, `created_at`, `updated_at`, `open_id`, `token` FROM `users` AS `user` LIMIT 1;
2019-05-05 21:37:09,280 INFO 47917 [egg-sequelize](2ms) Executed (default): SELECT count(*) AS `count` FROM `lists` AS `list` WHERE `list`.`open_id` = 'otiAB5d9Fn3m_5abJ20EIU2FWat8';
2019-05-05 21:37:09,287 INFO 47917 [egg-sequelize](1ms) Executed (default): SELECT `id`, `name`, `age`, `created_at`, `updated_at`, `open_id`, `token` FROM `users` AS `user` LIMIT 1;
2019-05-05 21:37:09,290 INFO 47917 [egg-sequelize](10ms) Executed (default): SELECT `id`, `open_id`, `title`, `content`, `updated_at`, `created_at`, `done` FROM `lists` AS `list` WHERE `list`.`open_id` = 'otiAB5d9Fn3m_5abJ20EIU2FWat8';
2019-05-05 21:37:09,293 INFO 47917 [egg-sequelize](1ms) Executed (default): SELECT count(*) AS `count` FROM `lists` AS `list` WHERE `list`.`open_id` = 'otiAB5d9Fn3m_5abJ20EIU2FWat8';
2019-05-05 21:37:09,295 INFO 47917 [egg-sequelize](2ms) Executed (default): SELECT `id`, `open_id`, `title`, `content`, `updated_at`, `created_at`, `done` FROM `lists` AS `list` WHERE `list`.`open_id` = 'otiAB5d9Fn3m_5abJ20EIU2FWat8';
2019-05-05 21:37:16,992 INFO 47917 [egg-sequelize](0ms) Executed (default): SELECT `id`, `name`, `age`, `created_at`, `updated_at`, `open_id`, `token` FROM `users` AS `user` LIMIT 1;
2019-05-05 21:37:16,999 INFO 47917 [egg-sequelize](2ms) Executed (default): UPDATE `users` SET `token`='eyJhbGciOiJIUzI1NiIsInR5cCI6IkpXVCJ9.eyJuaWNrTmFtZSI6IjXmmJ_mgZIiLCJnZW5kZXIiOjEsImxhbmd1YWdlIjoiemhfQ04iLCJjaXR5IjoiU2hlbnpoZW4iLCJwcm92aW5jZSI6Ikd1YW5nZG9uZyIsImNvdW50cnkiOiJDaGluYSIsImlhdCI6MTU1NzA2MzQzNiwiZXhwIjoxNTU3MDcwNjM2fQ.xwI4ZZkP_P_VwHqSrSsVvDSWb5MEaMkacdRtAEgFPto',`updated_at`='2019-05-05 13:37:16' WHERE `id` = 1
2019-05-05 21:37:17,030 INFO 47917 [egg-sequelize](1ms) Executed (default): SELECT `id`, `name`, `age`, `created_at`, `updated_at`, `open_id`, `token` FROM `users` AS `user` LIMIT 1;
2019-05-05 21:37:17,034 INFO 47917 [egg-sequelize](2ms) Executed (default): SELECT count(*) AS `count` FROM `lists` AS `list` WHERE `list`.`open_id` = 'otiAB5d9Fn3m_5abJ20EIU2FWat8';
2019-05-05 21:37:17,035 INFO 47917 [egg-sequelize](2ms) Executed (default): SELECT `id`, `open_id`, `title`, `content`, `updated_at`, `created_at`, `done` FROM `lists` AS `list` WHERE `list`.`open_id` = 'otiAB5d9Fn3m_5abJ20EIU2FWat8';
2019-05-05 21:37:18,561 INFO 47917 [egg-sequelize](1ms) Executed (default): SELECT `id`, `name`, `age`, `created_at`, `updated_at`, `open_id`, `token` FROM `users` AS `user` LIMIT 1;
2019-05-05 21:37:18,566 INFO 47917 [egg-sequelize](1ms) Executed (default): UPDATE `users` SET `token`='eyJhbGciOiJIUzI1NiIsInR5cCI6IkpXVCJ9.eyJuaWNrTmFtZSI6IjXmmJ_mgZIiLCJnZW5kZXIiOjEsImxhbmd1YWdlIjoiemhfQ04iLCJjaXR5IjoiU2hlbnpoZW4iLCJwcm92aW5jZSI6Ikd1YW5nZG9uZyIsImNvdW50cnkiOiJDaGluYSIsImlhdCI6MTU1NzA2MzQzOCwiZXhwIjoxNTU3MDcwNjM4fQ.nJusj1KOt3KZiQ9lot2CxVDvfQX0SDJOFoWfvvf2yjI',`updated_at`='2019-05-05 13:37:18' WHERE `id` = 1
2019-05-05 21:37:18,597 INFO 47917 [egg-sequelize](1ms) Executed (default): SELECT `id`, `name`, `age`, `created_at`, `updated_at`, `open_id`, `token` FROM `users` AS `user` LIMIT 1;
2019-05-05 21:37:18,602 INFO 47917 [egg-sequelize](2ms) Executed (default): SELECT count(*) AS `count` FROM `lists` AS `list` WHERE `list`.`open_id` = 'otiAB5d9Fn3m_5abJ20EIU2FWat8';
2019-05-05 21:37:18,603 INFO 47917 [egg-sequelize](2ms) Executed (default): SELECT `id`, `open_id`, `title`, `content`, `updated_at`, `created_at`, `done` FROM `lists` AS `list` WHERE `list`.`open_id` = 'otiAB5d9Fn3m_5abJ20EIU2FWat8';
2019-05-05 21:37:32,786 INFO 47917 [egg-sequelize](0ms) Executed (default): SELECT `id`, `name`, `age`, `created_at`, `updated_at`, `open_id`, `token` FROM `users` AS `user` LIMIT 1;
2019-05-05 21:37:32,794 INFO 47917 [egg-sequelize](2ms) Executed (default): UPDATE `users` SET `token`='eyJhbGciOiJIUzI1NiIsInR5cCI6IkpXVCJ9.eyJuaWNrTmFtZSI6IjXmmJ_mgZIiLCJnZW5kZXIiOjEsImxhbmd1YWdlIjoiemhfQ04iLCJjaXR5IjoiU2hlbnpoZW4iLCJwcm92aW5jZSI6Ikd1YW5nZG9uZyIsImNvdW50cnkiOiJDaGluYSIsImlhdCI6MTU1NzA2MzQ1MiwiZXhwIjoxNTU3MDcwNjUyfQ.9Qbjw3PvV49wk8Luy5ugyfNE2CL_R2I42EkFx8LPEzo',`updated_at`='2019-05-05 13:37:32' WHERE `id` = 1
2019-05-05 21:37:37,150 INFO 47917 [egg-sequelize](0ms) Executed (default): SELECT `id`, `name`, `age`, `created_at`, `updated_at`, `open_id`, `token` FROM `users` AS `user` LIMIT 1;
2019-05-05 21:37:37,157 INFO 47917 [egg-sequelize](3ms) Executed (default): UPDATE `users` SET `token`='eyJhbGciOiJIUzI1NiIsInR5cCI6IkpXVCJ9.eyJuaWNrTmFtZSI6IjXmmJ_mgZIiLCJnZW5kZXIiOjEsImxhbmd1YWdlIjoiemhfQ04iLCJjaXR5IjoiU2hlbnpoZW4iLCJwcm92aW5jZSI6Ikd1YW5nZG9uZyIsImNvdW50cnkiOiJDaGluYSIsImlhdCI6MTU1NzA2MzQ1NywiZXhwIjoxNTU3MDcwNjU3fQ._MkAKkRQV132p0lv4b9Vw4gkQlrGL3sy2yUyi0rroZQ',`updated_at`='2019-05-05 13:37:37' WHERE `id` = 1
2019-05-05 21:37:37,188 INFO 47917 [egg-sequelize](0ms) Executed (default): SELECT `id`, `name`, `age`, `created_at`, `updated_at`, `open_id`, `token` FROM `users` AS `user` LIMIT 1;
2019-05-05 21:37:37,191 INFO 47917 [egg-sequelize](2ms) Executed (default): SELECT count(*) AS `count` FROM `lists` AS `list` WHERE `list`.`open_id` = 'otiAB5d9Fn3m_5abJ20EIU2FWat8';
2019-05-05 21:37:37,192 INFO 47917 [egg-sequelize](2ms) Executed (default): SELECT `id`, `open_id`, `title`, `content`, `updated_at`, `created_at`, `done` FROM `lists` AS `list` WHERE `list`.`open_id` = 'otiAB5d9Fn3m_5abJ20EIU2FWat8';
2019-05-05 21:37:37,214 INFO 47917 [egg-sequelize](2ms) Executed (default): SELECT `id`, `name`, `age`, `created_at`, `updated_at`, `open_id`, `token` FROM `users` AS `user` LIMIT 1;
2019-05-05 21:37:37,264 INFO 47917 [egg-sequelize](1ms) Executed (default): SELECT `id`, `name`, `age`, `created_at`, `updated_at`, `open_id`, `token` FROM `users` AS `user` LIMIT 1;
2019-05-05 21:37:37,268 INFO 47917 [egg-sequelize](2ms) Executed (default): SELECT count(*) AS `count` FROM `lists` AS `list` WHERE `list`.`open_id` = 'otiAB5d9Fn3m_5abJ20EIU2FWat8';
2019-05-05 21:37:37,268 INFO 47917 [egg-sequelize](1ms) Executed (default): SELECT `id`, `open_id`, `title`, `content`, `updated_at`, `created_at`, `done` FROM `lists` AS `list` WHERE `list`.`open_id` = 'otiAB5d9Fn3m_5abJ20EIU2FWat8';
2019-05-05 21:40:20,551 INFO 47917 [egg-sequelize](0ms) Executed (default): SELECT `id`, `name`, `age`, `created_at`, `updated_at`, `open_id`, `token` FROM `users` AS `user` LIMIT 1;
2019-05-05 21:40:20,557 INFO 47917 [egg-sequelize](2ms) Executed (default): UPDATE `users` SET `token`='eyJhbGciOiJIUzI1NiIsInR5cCI6IkpXVCJ9.eyJuaWNrTmFtZSI6IjXmmJ_mgZIiLCJnZW5kZXIiOjEsImxhbmd1YWdlIjoiemhfQ04iLCJjaXR5IjoiU2hlbnpoZW4iLCJwcm92aW5jZSI6Ikd1YW5nZG9uZyIsImNvdW50cnkiOiJDaGluYSIsImlhdCI6MTU1NzA2MzYyMCwiZXhwIjoxNTU3MDcwODIwfQ.TzmmeOP8CFBkhQPZbWUFpFO0a3wOp1JyGvVBI6-NWBc',`updated_at`='2019-05-05 13:40:20' WHERE `id` = 1
2019-05-05 21:40:20,592 INFO 47917 [egg-sequelize](2ms) Executed (default): SELECT `id`, `name`, `age`, `created_at`, `updated_at`, `open_id`, `token` FROM `users` AS `user` LIMIT 1;
2019-05-05 21:40:20,595 INFO 47917 [egg-sequelize](1ms) Executed (default): SELECT `id`, `name`, `age`, `created_at`, `updated_at`, `open_id`, `token` FROM `users` AS `user` LIMIT 1;
2019-05-05 21:40:20,599 INFO 47917 [egg-sequelize](3ms) Executed (default): SELECT count(*) AS `count` FROM `lists` AS `list` WHERE `list`.`open_id` = 'otiAB5d9Fn3m_5abJ20EIU2FWat8';
2019-05-05 21:40:20,602 INFO 47917 [egg-sequelize](2ms) Executed (default): SELECT `id`, `open_id`, `title`, `content`, `updated_at`, `created_at`, `done` FROM `lists` AS `list` WHERE `list`.`open_id` = 'otiAB5d9Fn3m_5abJ20EIU2FWat8';
2019-05-05 21:40:20,652 INFO 47917 [egg-sequelize](5ms) Executed (default): SELECT `id`, `name`, `age`, `created_at`, `updated_at`, `open_id`, `token` FROM `users` AS `user` LIMIT 1;
2019-05-05 21:40:20,656 INFO 47917 [egg-sequelize](2ms) Executed (default): SELECT count(*) AS `count` FROM `lists` AS `list` WHERE `list`.`open_id` = 'otiAB5d9Fn3m_5abJ20EIU2FWat8';
2019-05-05 21:40:20,658 INFO 47917 [egg-sequelize](3ms) Executed (default): SELECT `id`, `open_id`, `title`, `content`, `updated_at`, `created_at`, `done` FROM `lists` AS `list` WHERE `list`.`open_id` = 'otiAB5d9Fn3m_5abJ20EIU2FWat8';
2019-05-05 21:42:00,395 INFO 47917 [egg-sequelize](0ms) Executed (default): SELECT `id`, `name`, `age`, `created_at`, `updated_at`, `open_id`, `token` FROM `users` AS `user` LIMIT 1;
2019-05-05 21:42:00,400 INFO 47917 [egg-sequelize](1ms) Executed (default): UPDATE `users` SET `token`='eyJhbGciOiJIUzI1NiIsInR5cCI6IkpXVCJ9.eyJuaWNrTmFtZSI6IjXmmJ_mgZIiLCJnZW5kZXIiOjEsImxhbmd1YWdlIjoiemhfQ04iLCJjaXR5IjoiU2hlbnpoZW4iLCJwcm92aW5jZSI6Ikd1YW5nZG9uZyIsImNvdW50cnkiOiJDaGluYSIsImlhdCI6MTU1NzA2MzcyMCwiZXhwIjoxNTU3MDcwOTIwfQ.XvPaAhX_rTIw8VsscJZoRGduMlVBRqY7t19xntuH23E',`updated_at`='2019-05-05 13:42:00' WHERE `id` = 1
2019-05-05 21:42:00,435 INFO 47917 [egg-sequelize](1ms) Executed (default): SELECT `id`, `name`, `age`, `created_at`, `updated_at`, `open_id`, `token` FROM `users` AS `user` LIMIT 1;
2019-05-05 21:42:00,441 INFO 47917 [egg-sequelize](2ms) Executed (default): SELECT count(*) AS `count` FROM `lists` AS `list` WHERE `list`.`open_id` = 'otiAB5d9Fn3m_5abJ20EIU2FWat8';
2019-05-05 21:42:00,443 INFO 47917 [egg-sequelize](1ms) Executed (default): SELECT `id`, `open_id`, `title`, `content`, `updated_at`, `created_at`, `done` FROM `lists` AS `list` WHERE `list`.`open_id` = 'otiAB5d9Fn3m_5abJ20EIU2FWat8';
2019-05-05 21:42:00,508 INFO 47917 [egg-sequelize](1ms) Executed (default): SELECT `id`, `name`, `age`, `created_at`, `updated_at`, `open_id`, `token` FROM `users` AS `user` LIMIT 1;
2019-05-05 21:42:00,549 INFO 47917 [egg-sequelize](0ms) Executed (default): SELECT `id`, `name`, `age`, `created_at`, `updated_at`, `open_id`, `token` FROM `users` AS `user` LIMIT 1;
2019-05-05 21:42:00,554 INFO 47917 [egg-sequelize](2ms) Executed (default): SELECT count(*) AS `count` FROM `lists` AS `list` WHERE `list`.`open_id` = 'otiAB5d9Fn3m_5abJ20EIU2FWat8';
2019-05-05 21:42:00,555 INFO 47917 [egg-sequelize](2ms) Executed (default): SELECT `id`, `open_id`, `title`, `content`, `updated_at`, `created_at`, `done` FROM `lists` AS `list` WHERE `list`.`open_id` = 'otiAB5d9Fn3m_5abJ20EIU2FWat8';
2019-05-05 21:42:04,803 INFO 47917 [egg-sequelize](1ms) Executed (default): SELECT `id`, `name`, `age`, `created_at`, `updated_at`, `open_id`, `token` FROM `users` AS `user` LIMIT 1;
2019-05-05 21:42:04,808 INFO 47917 [egg-sequelize](3ms) Executed (default): SELECT count(*) AS `count` FROM `lists` AS `list` WHERE `list`.`open_id` = 'otiAB5d9Fn3m_5abJ20EIU2FWat8';
2019-05-05 21:42:04,809 INFO 47917 [egg-sequelize](2ms) Executed (default): SELECT `id`, `open_id`, `title`, `content`, `updated_at`, `created_at`, `done` FROM `lists` AS `list` WHERE `list`.`open_id` = 'otiAB5d9Fn3m_5abJ20EIU2FWat8';
2019-05-05 21:42:06,985 INFO 47917 [egg-sequelize](1ms) Executed (default): SELECT `id`, `name`, `age`, `created_at`, `updated_at`, `open_id`, `token` FROM `users` AS `user` LIMIT 1;
2019-05-05 21:42:06,989 INFO 47917 [egg-sequelize](2ms) Executed (default): SELECT count(*) AS `count` FROM `lists` AS `list` WHERE `list`.`open_id` = 'otiAB5d9Fn3m_5abJ20EIU2FWat8';
2019-05-05 21:42:06,989 INFO 47917 [egg-sequelize](1ms) Executed (default): SELECT `id`, `open_id`, `title`, `content`, `updated_at`, `created_at`, `done` FROM `lists` AS `list` WHERE `list`.`open_id` = 'otiAB5d9Fn3m_5abJ20EIU2FWat8';
2019-05-05 21:42:10,515 INFO 47917 [egg-sequelize](1ms) Executed (default): SELECT `id`, `name`, `age`, `created_at`, `updated_at`, `open_id`, `token` FROM `users` AS `user` LIMIT 1;
2019-05-05 21:42:10,519 INFO 47917 [egg-sequelize](2ms) Executed (default): SELECT count(*) AS `count` FROM `lists` AS `list` WHERE `list`.`open_id` = 'otiAB5d9Fn3m_5abJ20EIU2FWat8';
2019-05-05 21:42:10,519 INFO 47917 [egg-sequelize](1ms) Executed (default): SELECT `id`, `open_id`, `title`, `content`, `updated_at`, `created_at`, `done` FROM `lists` AS `list` WHERE `list`.`open_id` = 'otiAB5d9Fn3m_5abJ20EIU2FWat8';
2019-05-05 21:42:17,319 INFO 47917 [egg-sequelize](1ms) Executed (default): SELECT `id`, `name`, `age`, `created_at`, `updated_at`, `open_id`, `token` FROM `users` AS `user` LIMIT 1;
2019-05-05 21:42:17,323 INFO 47917 [egg-sequelize](1ms) Executed (default): SELECT count(*) AS `count` FROM `lists` AS `list` WHERE `list`.`open_id` = 'otiAB5d9Fn3m_5abJ20EIU2FWat8';
2019-05-05 21:42:17,324 INFO 47917 [egg-sequelize](1ms) Executed (default): SELECT `id`, `open_id`, `title`, `content`, `updated_at`, `created_at`, `done` FROM `lists` AS `list` WHERE `list`.`open_id` = 'otiAB5d9Fn3m_5abJ20EIU2FWat8';
2019-05-05 21:42:25,987 INFO 47917 [egg-sequelize](1ms) Executed (default): SELECT `id`, `name`, `age`, `created_at`, `updated_at`, `open_id`, `token` FROM `users` AS `user` LIMIT 1;
2019-05-05 21:42:25,992 INFO 47917 [egg-sequelize](2ms) Executed (default): UPDATE `users` SET `token`='eyJhbGciOiJIUzI1NiIsInR5cCI6IkpXVCJ9.eyJuaWNrTmFtZSI6IjXmmJ_mgZIiLCJnZW5kZXIiOjEsImxhbmd1YWdlIjoiemhfQ04iLCJjaXR5IjoiU2hlbnpoZW4iLCJwcm92aW5jZSI6Ikd1YW5nZG9uZyIsImNvdW50cnkiOiJDaGluYSIsImlhdCI6MTU1NzA2Mzc0NSwiZXhwIjoxNTU3MDcwOTQ1fQ.Mq2mmvwIZUvYnq9V1TIYiBfF2QLBuvDWUIh9unuHmsk',`updated_at`='2019-05-05 13:42:25' WHERE `id` = 1
2019-05-05 21:42:26,645 INFO 47917 [egg-sequelize](1ms) Executed (default): SELECT `id`, `name`, `age`, `created_at`, `updated_at`, `open_id`, `token` FROM `users` AS `user` LIMIT 1;
2019-05-05 21:42:26,648 INFO 47917 [egg-sequelize](1ms) Executed (default): SELECT count(*) AS `count` FROM `lists` AS `list` WHERE `list`.`open_id` = 'otiAB5d9Fn3m_5abJ20EIU2FWat8';
2019-05-05 21:42:26,648 INFO 47917 [egg-sequelize](0ms) Executed (default): SELECT `id`, `open_id`, `title`, `content`, `updated_at`, `created_at`, `done` FROM `lists` AS `list` WHERE `list`.`open_id` = 'otiAB5d9Fn3m_5abJ20EIU2FWat8';
